2021-08-31 15:28:29,710 - MainThread - DB-Handler - [db_handler.register_models:26] - [] - INFO - Initializing MySQL handler ... 
2021-09-01 11:48:27,474 - MainThread - DB-Handler - [db_handler.register_models:25] ] - INFO - Initializing MySQL handler ... 
2021-09-01 11:53:54,280 - MainThread - DB-Handler - [db_handler.register_models:25] ] - INFO - Initializing MySQL handler ... 
2021-09-01 11:55:09,672 - MainThread - DB-Handler - [db_handler.register_models:25] ] - INFO - Initializing MySQL handler ... 
2021-09-01 11:55:59,397 - MainThread - DB-Handler - [db_handler.register_models:25] ] - INFO - Initializing MySQL handler ... 
2021-09-01 11:56:21,161 - MainThread - DB-Handler - [db_handler.register_models:25] ] - INFO - Initializing MySQL handler ... 
2021-09-01 11:56:41,271 - MainThread - DB-Handler - [db_handler.register_models:25] ] - INFO - Initializing MySQL handler ... 
2021-09-01 11:56:42,968 - MainThread - Spenny-App - [run.<module>:24] ] - INFO - Initializing app ...
2021-09-01 11:56:45,017 - MainThread - werkzeug - [_internal._log:113] ] - INFO -  * Running on http://0.0.0.0:4500/ (Press CTRL+C to quit)
2021-09-01 11:56:45,022 - MainThread - werkzeug - [_internal._log:113] ] - INFO -  * Restarting with stat
2021-09-01 11:57:32,534 - MainThread - DB-Handler - [db_handler.register_models:25] ] - INFO - Initializing MySQL handler ... 
2021-09-01 11:57:35,095 - MainThread - Spenny-App - [run.<module>:24] ] - INFO - Initializing app ...
2021-09-01 11:57:37,093 - MainThread - werkzeug - [_internal._log:113] ] - WARNING -  * Debugger is active!
2021-09-01 11:57:37,095 - MainThread - werkzeug - [_internal._log:113] ] - INFO -  * Debugger PIN: 262-438-924
2021-09-01 11:57:56,996 - MainThread - DB-Handler - [db_handler.register_models:25] ] - INFO - Initializing MySQL handler ... 
2021-09-01 12:01:09,689 - MainThread - DB-Handler - [db_handler.register_models:25] ] - INFO - Initializing MySQL handler ... 
2021-09-01 12:01:29,887 - MainThread - DB-Handler - [db_handler.register_models:25] ] - INFO - Initializing MySQL handler ... 
2021-09-01 12:03:49,891 - MainThread - DB-Handler - [db_handler.register_models:25] ] - INFO - Initializing MySQL handler ... 
2021-09-01 12:04:54,779 - MainThread - DB-Handler - [db_handler.register_models:25] ] - INFO - Initializing MySQL handler ... 
2021-09-01 12:05:50,972 - MainThread - DB-Handler - [db_handler.register_models:25] ] - INFO - Initializing MySQL handler ... 
2021-09-01 12:12:27,386 - MainThread - DB-Handler - [db_handler.register_models:25] ] - INFO - Initializing MySQL handler ... 
2021-09-01 12:13:02,938 - MainThread - DB-Handler - [db_handler.register_models:25] ] - INFO - Initializing MySQL handler ... 
2021-09-01 12:13:13,774 - MainThread - DB-Handler - [db_handler.register_models:25] ] - INFO - Initializing MySQL handler ... 
2021-09-01 12:21:52,678 - MainThread - DB-Handler - [db_handler.register_models:25] ] - INFO - Initializing MySQL handler ... 
2021-09-01 12:28:22,200 - MainThread - DB-Handler - [db_handler.register_models:25] ] - INFO - Initializing MySQL handler ... 
2021-09-01 12:28:51,787 - MainThread - DB-Handler - [db_handler.register_models:25] ] - INFO - Initializing MySQL handler ... 
2021-09-01 12:29:40,202 - MainThread - DB-Handler - [db_handler.register_models:25] ] - INFO - Initializing MySQL handler ... 
2021-09-01 12:29:43,039 - MainThread - Spenny-App - [run.<module>:24] ] - INFO - Initializing app ...
2021-09-01 12:29:45,057 - MainThread - werkzeug - [_internal._log:113] ] - INFO -  * Running on http://0.0.0.0:4500/ (Press CTRL+C to quit)
2021-09-01 12:29:45,065 - MainThread - werkzeug - [_internal._log:113] ] - INFO -  * Restarting with stat
2021-09-01 12:31:02,622 - MainThread - DB-Handler - [db_handler.register_models:25] ] - INFO - Initializing MySQL handler ... 
2021-09-01 12:31:20,492 - MainThread - DB-Handler - [db_handler.register_models:25] ] - INFO - Initializing MySQL handler ... 
2021-09-01 12:31:23,193 - MainThread - Spenny-App - [run.<module>:24] ] - INFO - Initializing app ...
2021-09-01 12:31:24,616 - MainThread - werkzeug - [_internal._log:113] ] - INFO -  * Running on http://0.0.0.0:4500/ (Press CTRL+C to quit)
2021-09-01 12:31:24,620 - MainThread - werkzeug - [_internal._log:113] ] - INFO -  * Restarting with stat
2021-09-01 12:31:31,192 - MainThread - DB-Handler - [db_handler.register_models:25] ] - INFO - Initializing MySQL handler ... 
2021-09-01 12:31:33,210 - MainThread - Spenny-App - [run.<module>:24] ] - INFO - Initializing app ...
2021-09-01 12:31:33,757 - MainThread - werkzeug - [_internal._log:113] ] - WARNING -  * Debugger is active!
2021-09-01 12:31:33,760 - MainThread - werkzeug - [_internal._log:113] ] - INFO -  * Debugger PIN: 262-438-924
2021-09-01 12:32:05,265 - MainThread - DB-Handler - [db_handler.register_models:25] ] - INFO - Initializing MySQL handler ... 
2021-09-01 12:34:58,236 - MainThread - DB-Handler - [db_handler.register_models:25] ] - INFO - Initializing MySQL handler ... 
2021-09-01 12:38:55,091 - MainThread - DB-Handler - [db_handler.register_models:25] ] - INFO - Initializing MySQL handler ... 
2021-09-01 12:39:44,799 - MainThread - DB-Handler - [db_handler.register_models:25] ] - INFO - Initializing MySQL handler ... 
2021-09-01 12:39:45,326 - MainThread - Spenny-App - [run.<module>:24] ] - INFO - Initializing app ...
2021-09-01 12:39:46,092 - MainThread - werkzeug - [_internal._log:225] ] - WARNING -  * Running on all addresses.
   WARNING: This is a development server. Do not use it in a production deployment.
2021-09-01 12:39:46,092 - MainThread - werkzeug - [_internal._log:225] ] - INFO -  * Running on http://20.20.1.150:4500/ (Press CTRL+C to quit)
2021-09-01 12:39:46,097 - MainThread - werkzeug - [_internal._log:225] ] - INFO -  * Restarting with stat
2021-09-01 12:39:46,606 - MainThread - DB-Handler - [db_handler.register_models:25] ] - INFO - Initializing MySQL handler ... 
2021-09-01 12:39:46,736 - MainThread - Spenny-App - [run.<module>:24] ] - INFO - Initializing app ...
2021-09-01 12:39:47,225 - MainThread - werkzeug - [_internal._log:225] ] - WARNING -  * Debugger is active!
2021-09-01 12:39:47,226 - MainThread - werkzeug - [_internal._log:225] ] - INFO -  * Debugger PIN: 172-154-406
2021-09-01 14:27:27,744 - MainThread - DB-Handler - [db_handler.register_models:25] ] - INFO - Initializing MySQL handler ... 
2021-09-01 14:27:28,306 - MainThread - Spenny-App - [run.<module>:24] ] - INFO - Initializing app ...
2021-09-01 14:27:29,078 - MainThread - werkzeug - [_internal._log:225] ] - WARNING -  * Running on all addresses.
   WARNING: This is a development server. Do not use it in a production deployment.
2021-09-01 14:27:29,078 - MainThread - werkzeug - [_internal._log:225] ] - INFO -  * Running on http://20.20.1.150:4500/ (Press CTRL+C to quit)
2021-09-01 14:27:29,083 - MainThread - werkzeug - [_internal._log:225] ] - INFO -  * Restarting with stat
2021-09-01 14:27:29,564 - MainThread - DB-Handler - [db_handler.register_models:25] ] - INFO - Initializing MySQL handler ... 
2021-09-01 14:27:29,683 - MainThread - Spenny-App - [run.<module>:24] ] - INFO - Initializing app ...
2021-09-01 14:27:30,135 - MainThread - werkzeug - [_internal._log:225] ] - WARNING -  * Debugger is active!
2021-09-01 14:27:30,135 - MainThread - werkzeug - [_internal._log:225] ] - INFO -  * Debugger PIN: 172-154-406
2021-09-01 14:29:59,824 - MainThread - DB-Handler - [db_handler.register_models:25] ] - INFO - Initializing MySQL handler ... 
2021-09-01 14:30:00,385 - MainThread - Spenny-App - [run.<module>:24] ] - INFO - Initializing app ...
2021-09-01 14:30:01,093 - MainThread - werkzeug - [_internal._log:225] ] - WARNING -  * Running on all addresses.
   WARNING: This is a development server. Do not use it in a production deployment.
2021-09-01 14:30:01,094 - MainThread - werkzeug - [_internal._log:225] ] - INFO -  * Running on http://20.20.1.150:4500/ (Press CTRL+C to quit)
2021-09-01 14:30:01,098 - MainThread - werkzeug - [_internal._log:225] ] - INFO -  * Restarting with stat
2021-09-01 14:30:01,559 - MainThread - DB-Handler - [db_handler.register_models:25] ] - INFO - Initializing MySQL handler ... 
2021-09-01 14:30:01,678 - MainThread - Spenny-App - [run.<module>:24] ] - INFO - Initializing app ...
2021-09-01 14:30:02,296 - MainThread - werkzeug - [_internal._log:225] ] - WARNING -  * Debugger is active!
2021-09-01 14:30:02,297 - MainThread - werkzeug - [_internal._log:225] ] - INFO -  * Debugger PIN: 172-154-406
2021-09-01 14:30:41,674 - MainThread - werkzeug - [_internal._log:225] ] - INFO -  * Detected change in '/home/dhruva.d@ah.zymrinc.com/Downloads/flask-demo-app-spenny/spenny_app/models/user_management.py', reloading
2021-09-01 14:30:41,776 - MainThread - werkzeug - [_internal._log:225] ] - INFO -  * Restarting with stat
2021-09-01 14:30:42,379 - MainThread - DB-Handler - [db_handler.register_models:25] ] - INFO - Initializing MySQL handler ... 
2021-09-01 14:30:42,590 - MainThread - Spenny-App - [run.<module>:24] ] - INFO - Initializing app ...
2021-09-01 14:30:43,259 - MainThread - werkzeug - [_internal._log:225] ] - WARNING -  * Debugger is active!
2021-09-01 14:30:43,259 - MainThread - werkzeug - [_internal._log:225] ] - INFO -  * Debugger PIN: 172-154-406
2021-09-01 14:56:25,725 - Thread-2 - werkzeug - [_internal._log:225] ] - INFO - 127.0.0.1 - - [01/Sep/2021 14:56:25] "[31m[1mPOST /api/v1/users/signup HTTP/1.1[0m" 405 -
2021-09-01 14:56:54,126 - MainThread - werkzeug - [_internal._log:225] ] - INFO -  * Detected change in '/home/dhruva.d@ah.zymrinc.com/Downloads/flask-demo-app-spenny/spenny_app/routes/users.py', reloading
2021-09-01 14:56:54,219 - MainThread - werkzeug - [_internal._log:225] ] - INFO -  * Restarting with stat
2021-09-01 14:56:56,191 - MainThread - DB-Handler - [db_handler.register_models:25] ] - INFO - Initializing MySQL handler ... 
2021-09-01 14:56:56,867 - MainThread - Spenny-App - [run.<module>:24] ] - INFO - Initializing app ...
2021-09-01 14:56:57,760 - MainThread - werkzeug - [_internal._log:225] ] - WARNING -  * Debugger is active!
2021-09-01 14:56:57,761 - MainThread - werkzeug - [_internal._log:225] ] - INFO -  * Debugger PIN: 172-154-406
2021-09-01 14:56:57,847 - Thread-2 - werkzeug - [_internal._log:225] ] - INFO - 127.0.0.1 - - [01/Sep/2021 14:56:57] "[35m[1mPOST /api/v1/users/signup HTTP/1.1[0m" 500 -
2021-09-01 14:57:51,497 - MainThread - werkzeug - [_internal._log:225] ] - INFO -  * Detected change in '/home/dhruva.d@ah.zymrinc.com/Downloads/flask-demo-app-spenny/spenny_app/services/user_management_service/user_management_data.py', reloading
2021-09-01 14:57:51,604 - MainThread - werkzeug - [_internal._log:225] ] - INFO -  * Restarting with stat
2021-09-01 14:57:53,139 - MainThread - DB-Handler - [db_handler.register_models:25] ] - INFO - Initializing MySQL handler ... 
2021-09-01 14:58:03,201 - MainThread - DB-Handler - [db_handler.register_models:25] ] - INFO - Initializing MySQL handler ... 
2021-09-01 14:58:03,809 - MainThread - Spenny-App - [run.<module>:24] ] - INFO - Initializing app ...
2021-09-01 14:58:04,554 - MainThread - werkzeug - [_internal._log:225] ] - WARNING -  * Running on all addresses.
   WARNING: This is a development server. Do not use it in a production deployment.
2021-09-01 14:58:04,554 - MainThread - werkzeug - [_internal._log:225] ] - INFO -  * Running on http://20.20.1.150:4500/ (Press CTRL+C to quit)
2021-09-01 14:58:04,559 - MainThread - werkzeug - [_internal._log:225] ] - INFO -  * Restarting with stat
2021-09-01 14:58:05,054 - MainThread - DB-Handler - [db_handler.register_models:25] ] - INFO - Initializing MySQL handler ... 
2021-09-01 14:58:05,190 - MainThread - Spenny-App - [run.<module>:24] ] - INFO - Initializing app ...
2021-09-01 14:58:05,802 - MainThread - werkzeug - [_internal._log:225] ] - WARNING -  * Debugger is active!
2021-09-01 14:58:05,803 - MainThread - werkzeug - [_internal._log:225] ] - INFO -  * Debugger PIN: 172-154-406
2021-09-01 14:58:06,755 - Thread-2 - werkzeug - [_internal._log:225] ] - INFO - 127.0.0.1 - - [01/Sep/2021 14:58:06] "[35m[1mPOST /api/v1/users/signup HTTP/1.1[0m" 500 -
2021-09-01 15:01:30,887 - MainThread - werkzeug - [_internal._log:225] ] - INFO -  * Detected change in '/home/dhruva.d@ah.zymrinc.com/Downloads/flask-demo-app-spenny/spenny_app/__init__.py', reloading
2021-09-01 15:01:31,005 - MainThread - werkzeug - [_internal._log:225] ] - INFO -  * Restarting with stat
2021-09-01 15:01:33,311 - MainThread - DB-Handler - [db_handler.register_models:25] ] - INFO - Initializing MySQL handler ... 
2021-09-01 15:01:55,790 - MainThread - DB-Handler - [db_handler.register_models:25] ] - INFO - Initializing MySQL handler ... 
2021-09-01 15:02:06,060 - MainThread - DB-Handler - [db_handler.register_models:25] ] - INFO - Initializing MySQL handler ... 
2021-09-01 15:02:06,185 - MainThread - Spenny-App - [run.<module>:24] ] - INFO - Initializing app ...
2021-09-01 15:02:06,953 - MainThread - werkzeug - [_internal._log:225] ] - WARNING -  * Running on all addresses.
   WARNING: This is a development server. Do not use it in a production deployment.
2021-09-01 15:02:06,953 - MainThread - werkzeug - [_internal._log:225] ] - INFO -  * Running on http://20.20.1.150:4500/ (Press CTRL+C to quit)
2021-09-01 15:02:06,958 - MainThread - werkzeug - [_internal._log:225] ] - INFO -  * Restarting with stat
2021-09-01 15:02:07,520 - MainThread - DB-Handler - [db_handler.register_models:25] ] - INFO - Initializing MySQL handler ... 
2021-09-01 15:02:07,653 - MainThread - Spenny-App - [run.<module>:24] ] - INFO - Initializing app ...
2021-09-01 15:02:08,255 - MainThread - werkzeug - [_internal._log:225] ] - WARNING -  * Debugger is active!
2021-09-01 15:02:08,256 - MainThread - werkzeug - [_internal._log:225] ] - INFO -  * Debugger PIN: 172-154-406
2021-09-01 15:02:10,214 - Thread-2 - root - [user_management_data.user_sign_up:72] ] - DEBUG - Invalid form fields. Please check again the data you have entered.
2021-09-01 15:02:10,249 - Thread-2 - werkzeug - [_internal._log:225] ] - INFO - 127.0.0.1 - - [01/Sep/2021 15:02:10] "[35m[1mPOST /api/v1/users/signup HTTP/1.1[0m" 500 -
2021-09-01 15:02:55,732 - Thread-3 - root - [user_management_data.user_sign_up:72] ] - DEBUG - Invalid form fields. Please check again the data you have entered.
2021-09-01 15:02:55,767 - Thread-3 - werkzeug - [_internal._log:225] ] - INFO - 127.0.0.1 - - [01/Sep/2021 15:02:55] "[35m[1mPOST /api/v1/users/signup HTTP/1.1[0m" 500 -
2021-09-01 15:03:12,080 - MainThread - werkzeug - [_internal._log:225] ] - INFO -  * Detected change in '/home/dhruva.d@ah.zymrinc.com/Downloads/flask-demo-app-spenny/spenny_app/services/user_management_service/user_management_data.py', reloading
2021-09-01 15:03:12,192 - MainThread - werkzeug - [_internal._log:225] ] - INFO -  * Restarting with stat
2021-09-01 15:03:13,910 - MainThread - DB-Handler - [db_handler.register_models:25] ] - INFO - Initializing MySQL handler ... 
2021-09-01 15:03:14,561 - MainThread - Spenny-App - [run.<module>:24] ] - INFO - Initializing app ...
2021-09-01 15:03:15,416 - MainThread - werkzeug - [_internal._log:225] ] - WARNING -  * Debugger is active!
2021-09-01 15:03:15,417 - MainThread - werkzeug - [_internal._log:225] ] - INFO -  * Debugger PIN: 172-154-406
2021-09-01 15:03:15,446 - Thread-2 - root - [user_management_data.user_sign_up:73] ] - DEBUG - Invalid form fields. Please check again the data you have entered.
2021-09-01 15:03:15,462 - Thread-2 - werkzeug - [_internal._log:225] ] - INFO - 127.0.0.1 - - [01/Sep/2021 15:03:15] "[35m[1mPOST /api/v1/users/signup HTTP/1.1[0m" 500 -
2021-09-01 15:04:10,497 - Thread-3 - werkzeug - [_internal._log:225] ] - INFO - 127.0.0.1 - - [01/Sep/2021 15:04:10] "[35m[1mPOST /api/v1/users/signup HTTP/1.1[0m" 500 -
2021-09-01 15:05:06,876 - MainThread - werkzeug - [_internal._log:225] ] - INFO -  * Detected change in '/home/dhruva.d@ah.zymrinc.com/Downloads/flask-demo-app-spenny/spenny_app/models/common_models.py', reloading
2021-09-01 15:05:06,997 - MainThread - werkzeug - [_internal._log:225] ] - INFO -  * Restarting with stat
2021-09-01 15:05:07,662 - MainThread - DB-Handler - [db_handler.register_models:25] ] - INFO - Initializing MySQL handler ... 
2021-09-01 15:08:12,535 - MainThread - DB-Handler - [db_handler.register_models:25] ] - INFO - Initializing MySQL handler ... 
2021-09-01 15:09:47,169 - MainThread - DB-Handler - [db_handler.register_models:25] ] - INFO - Initializing MySQL handler ... 
2021-09-01 15:09:47,492 - MainThread - Spenny-App - [run.<module>:24] ] - INFO - Initializing app ...
2021-09-01 15:09:48,010 - MainThread - werkzeug - [_internal._log:225] ] - WARNING -  * Running on all addresses.
   WARNING: This is a development server. Do not use it in a production deployment.
2021-09-01 15:09:48,010 - MainThread - werkzeug - [_internal._log:225] ] - INFO -  * Running on http://20.20.1.150:4500/ (Press CTRL+C to quit)
2021-09-01 15:09:48,012 - MainThread - werkzeug - [_internal._log:225] ] - INFO -  * Restarting with stat
2021-09-01 15:09:48,616 - MainThread - DB-Handler - [db_handler.register_models:25] ] - INFO - Initializing MySQL handler ... 
2021-09-01 15:09:48,778 - MainThread - Spenny-App - [run.<module>:24] ] - INFO - Initializing app ...
2021-09-01 15:09:49,338 - MainThread - werkzeug - [_internal._log:225] ] - WARNING -  * Debugger is active!
2021-09-01 15:09:49,339 - MainThread - werkzeug - [_internal._log:225] ] - INFO -  * Debugger PIN: 172-154-406
2021-09-01 15:09:49,969 - Thread-2 - werkzeug - [_internal._log:225] ] - INFO - 127.0.0.1 - - [01/Sep/2021 15:09:49] "[35m[1mPOST /api/v1/users/signup HTTP/1.1[0m" 500 -
2021-09-01 15:10:18,808 - MainThread - werkzeug - [_internal._log:225] ] - INFO -  * Detected change in '/home/dhruva.d@ah.zymrinc.com/Downloads/flask-demo-app-spenny/spenny_app/repository/user_repository.py', reloading
2021-09-01 15:10:18,915 - MainThread - werkzeug - [_internal._log:225] ] - INFO -  * Restarting with stat
2021-09-01 15:10:21,165 - MainThread - DB-Handler - [db_handler.register_models:25] ] - INFO - Initializing MySQL handler ... 
2021-09-01 15:10:21,935 - MainThread - Spenny-App - [run.<module>:24] ] - INFO - Initializing app ...
2021-09-01 15:10:22,984 - MainThread - werkzeug - [_internal._log:225] ] - WARNING -  * Debugger is active!
2021-09-01 15:10:22,985 - MainThread - werkzeug - [_internal._log:225] ] - INFO -  * Debugger PIN: 172-154-406
2021-09-01 15:10:23,064 - Thread-2 - werkzeug - [_internal._log:225] ] - INFO - 127.0.0.1 - - [01/Sep/2021 15:10:23] "[35m[1mPOST /api/v1/users/signup HTTP/1.1[0m" 500 -
2021-09-01 15:10:47,225 - MainThread - werkzeug - [_internal._log:225] ] - INFO -  * Detected change in '/home/dhruva.d@ah.zymrinc.com/Downloads/flask-demo-app-spenny/spenny_app/services/user_management_service/user_management_data.py', reloading
2021-09-01 15:10:47,329 - MainThread - werkzeug - [_internal._log:225] ] - INFO -  * Restarting with stat
2021-09-01 15:10:48,864 - MainThread - DB-Handler - [db_handler.register_models:25] ] - INFO - Initializing MySQL handler ... 
2021-09-01 15:10:49,456 - MainThread - Spenny-App - [run.<module>:24] ] - INFO - Initializing app ...
2021-09-01 15:10:50,224 - MainThread - werkzeug - [_internal._log:225] ] - WARNING -  * Debugger is active!
2021-09-01 15:10:50,225 - MainThread - werkzeug - [_internal._log:225] ] - INFO -  * Debugger PIN: 172-154-406
2021-09-01 15:10:53,634 - Thread-2 - werkzeug - [_internal._log:225] ] - INFO - 127.0.0.1 - - [01/Sep/2021 15:10:53] "[35m[1mPOST /api/v1/users/signup HTTP/1.1[0m" 500 -
2021-09-01 15:11:53,982 - MainThread - werkzeug - [_internal._log:225] ] - INFO -  * Detected change in '/home/dhruva.d@ah.zymrinc.com/Downloads/flask-demo-app-spenny/spenny_app/repository/user_repository.py', reloading
2021-09-01 15:11:54,098 - MainThread - werkzeug - [_internal._log:225] ] - INFO -  * Restarting with stat
2021-09-01 15:11:55,591 - MainThread - DB-Handler - [db_handler.register_models:25] ] - INFO - Initializing MySQL handler ... 
2021-09-01 15:11:56,205 - MainThread - Spenny-App - [run.<module>:24] ] - INFO - Initializing app ...
2021-09-01 15:11:57,088 - MainThread - werkzeug - [_internal._log:225] ] - WARNING -  * Debugger is active!
2021-09-01 15:11:57,089 - MainThread - werkzeug - [_internal._log:225] ] - INFO -  * Debugger PIN: 172-154-406
2021-09-01 15:12:15,430 - MainThread - werkzeug - [_internal._log:225] ] - INFO -  * Detected change in '/home/dhruva.d@ah.zymrinc.com/Downloads/flask-demo-app-spenny/spenny_app/repository/user_repository.py', reloading
2021-09-01 15:12:15,527 - MainThread - werkzeug - [_internal._log:225] ] - INFO -  * Restarting with stat
2021-09-01 15:12:16,099 - MainThread - DB-Handler - [db_handler.register_models:25] ] - INFO - Initializing MySQL handler ... 
2021-09-01 15:12:16,255 - MainThread - Spenny-App - [run.<module>:24] ] - INFO - Initializing app ...
2021-09-01 15:12:16,858 - MainThread - werkzeug - [_internal._log:225] ] - WARNING -  * Debugger is active!
2021-09-01 15:12:16,858 - MainThread - werkzeug - [_internal._log:225] ] - INFO -  * Debugger PIN: 172-154-406
2021-09-01 15:12:19,514 - Thread-2 - werkzeug - [_internal._log:225] ] - INFO - 127.0.0.1 - - [01/Sep/2021 15:12:19] "[35m[1mPOST /api/v1/users/signup HTTP/1.1[0m" 500 -
2021-09-01 15:13:15,538 - MainThread - werkzeug - [_internal._log:225] ] - INFO -  * Detected change in '/home/dhruva.d@ah.zymrinc.com/Downloads/flask-demo-app-spenny/spenny_app/repository/user_repository.py', reloading
2021-09-01 15:13:15,646 - MainThread - werkzeug - [_internal._log:225] ] - INFO -  * Restarting with stat
2021-09-01 15:13:17,133 - MainThread - DB-Handler - [db_handler.register_models:25] ] - INFO - Initializing MySQL handler ... 
2021-09-01 15:13:17,754 - MainThread - Spenny-App - [run.<module>:24] ] - INFO - Initializing app ...
2021-09-01 15:13:18,657 - MainThread - werkzeug - [_internal._log:225] ] - WARNING -  * Debugger is active!
2021-09-01 15:13:18,658 - MainThread - werkzeug - [_internal._log:225] ] - INFO -  * Debugger PIN: 172-154-406
2021-09-01 15:13:21,711 - MainThread - werkzeug - [_internal._log:225] ] - INFO -  * Detected change in '/home/dhruva.d@ah.zymrinc.com/Downloads/flask-demo-app-spenny/spenny_app/repository/user_repository.py', reloading
2021-09-01 15:13:21,817 - MainThread - werkzeug - [_internal._log:225] ] - INFO -  * Restarting with stat
2021-09-01 15:13:22,395 - MainThread - DB-Handler - [db_handler.register_models:25] ] - INFO - Initializing MySQL handler ... 
2021-09-01 15:13:25,641 - MainThread - DB-Handler - [db_handler.register_models:25] ] - INFO - Initializing MySQL handler ... 
2021-09-01 15:13:25,764 - MainThread - Spenny-App - [run.<module>:24] ] - INFO - Initializing app ...
2021-09-01 15:13:27,862 - MainThread - werkzeug - [_internal._log:225] ] - WARNING -  * Running on all addresses.
   WARNING: This is a development server. Do not use it in a production deployment.
2021-09-01 15:13:27,862 - MainThread - werkzeug - [_internal._log:225] ] - INFO -  * Running on http://20.20.1.150:4500/ (Press CTRL+C to quit)
2021-09-01 15:13:27,866 - MainThread - werkzeug - [_internal._log:225] ] - INFO -  * Restarting with stat
2021-09-01 15:13:28,792 - MainThread - DB-Handler - [db_handler.register_models:25] ] - INFO - Initializing MySQL handler ... 
2021-09-01 15:13:29,478 - MainThread - Spenny-App - [run.<module>:24] ] - INFO - Initializing app ...
2021-09-01 15:13:30,060 - MainThread - werkzeug - [_internal._log:225] ] - WARNING -  * Debugger is active!
2021-09-01 15:13:30,061 - MainThread - werkzeug - [_internal._log:225] ] - INFO -  * Debugger PIN: 172-154-406
2021-09-01 15:13:30,110 - Thread-2 - werkzeug - [_internal._log:225] ] - INFO - 127.0.0.1 - - [01/Sep/2021 15:13:30] "POST /api/v1/users/signup HTTP/1.1" 200 -
2021-09-01 15:13:48,255 - MainThread - werkzeug - [_internal._log:225] ] - INFO -  * Detected change in '/home/dhruva.d@ah.zymrinc.com/Downloads/flask-demo-app-spenny/spenny_app/repository/user_repository.py', reloading
2021-09-01 15:13:48,362 - MainThread - werkzeug - [_internal._log:225] ] - INFO -  * Restarting with stat
2021-09-01 15:13:49,832 - MainThread - DB-Handler - [db_handler.register_models:25] ] - INFO - Initializing MySQL handler ... 
2021-09-01 15:13:50,385 - MainThread - Spenny-App - [run.<module>:24] ] - INFO - Initializing app ...
2021-09-01 15:13:51,121 - MainThread - werkzeug - [_internal._log:225] ] - WARNING -  * Debugger is active!
2021-09-01 15:13:51,122 - MainThread - werkzeug - [_internal._log:225] ] - INFO -  * Debugger PIN: 172-154-406
2021-09-01 15:15:54,849 - MainThread - werkzeug - [_internal._log:225] ] - INFO -  * Detected change in '/home/dhruva.d@ah.zymrinc.com/Downloads/flask-demo-app-spenny/spenny_app/repository/user_repository.py', reloading
2021-09-01 15:15:54,957 - MainThread - werkzeug - [_internal._log:225] ] - INFO -  * Restarting with stat
2021-09-01 15:15:57,035 - MainThread - DB-Handler - [db_handler.register_models:25] ] - INFO - Initializing MySQL handler ... 
2021-09-01 15:15:57,651 - MainThread - Spenny-App - [run.<module>:24] ] - INFO - Initializing app ...
2021-09-01 15:15:58,541 - MainThread - werkzeug - [_internal._log:225] ] - WARNING -  * Debugger is active!
2021-09-01 15:15:58,542 - MainThread - werkzeug - [_internal._log:225] ] - INFO -  * Debugger PIN: 172-154-406
2021-09-01 15:15:58,591 - Thread-2 - werkzeug - [_internal._log:225] ] - INFO - 127.0.0.1 - - [01/Sep/2021 15:15:58] "POST /api/v1/users/signup HTTP/1.1" 200 -
2021-09-01 15:22:50,082 - MainThread - werkzeug - [_internal._log:225] ] - INFO -  * Detected change in '/home/dhruva.d@ah.zymrinc.com/Downloads/flask-demo-app-spenny/spenny_app/models/tweet.py', reloading
2021-09-01 15:22:50,177 - MainThread - werkzeug - [_internal._log:225] ] - INFO -  * Restarting with stat
2021-09-01 15:22:52,193 - MainThread - DB-Handler - [db_handler.register_models:25] ] - INFO - Initializing MySQL handler ... 
2021-09-01 15:22:52,949 - MainThread - Spenny-App - [run.<module>:24] ] - INFO - Initializing app ...
2021-09-01 15:22:53,756 - MainThread - werkzeug - [_internal._log:225] ] - WARNING -  * Debugger is active!
2021-09-01 15:22:53,757 - MainThread - werkzeug - [_internal._log:225] ] - INFO -  * Debugger PIN: 172-154-406
2021-09-01 15:23:57,391 - MainThread - werkzeug - [_internal._log:225] ] - INFO -  * Detected change in '/home/dhruva.d@ah.zymrinc.com/Downloads/flask-demo-app-spenny/spenny_app/models/tweet.py', reloading
2021-09-01 15:23:57,491 - MainThread - werkzeug - [_internal._log:225] ] - INFO -  * Restarting with stat
2021-09-01 15:23:59,048 - MainThread - DB-Handler - [db_handler.register_models:25] ] - INFO - Initializing MySQL handler ... 
2021-09-01 15:23:59,658 - MainThread - Spenny-App - [run.<module>:24] ] - INFO - Initializing app ...
2021-09-01 15:24:00,466 - MainThread - werkzeug - [_internal._log:225] ] - WARNING -  * Debugger is active!
2021-09-01 15:24:00,466 - MainThread - werkzeug - [_internal._log:225] ] - INFO -  * Debugger PIN: 172-154-406
2021-09-01 15:24:10,577 - MainThread - werkzeug - [_internal._log:225] ] - INFO -  * Detected change in '/home/dhruva.d@ah.zymrinc.com/Downloads/flask-demo-app-spenny/spenny_app/models/tweet.py', reloading
2021-09-01 15:24:10,690 - MainThread - werkzeug - [_internal._log:225] ] - INFO -  * Restarting with stat
2021-09-01 15:24:11,286 - MainThread - DB-Handler - [db_handler.register_models:25] ] - INFO - Initializing MySQL handler ... 
2021-09-01 15:24:11,405 - MainThread - Spenny-App - [run.<module>:24] ] - INFO - Initializing app ...
2021-09-01 15:24:11,968 - MainThread - werkzeug - [_internal._log:225] ] - WARNING -  * Debugger is active!
2021-09-01 15:24:11,968 - MainThread - werkzeug - [_internal._log:225] ] - INFO -  * Debugger PIN: 172-154-406
2021-09-01 15:25:12,365 - MainThread - DB-Handler - [db_handler.register_models:25] ] - INFO - Initializing MySQL handler ... 
2021-09-01 15:25:12,471 - MainThread - Spenny-App - [run.<module>:24] ] - INFO - Initializing app ...
2021-09-01 15:25:12,915 - MainThread - werkzeug - [_internal._log:225] ] - WARNING -  * Running on all addresses.
   WARNING: This is a development server. Do not use it in a production deployment.
2021-09-01 15:25:12,916 - MainThread - werkzeug - [_internal._log:225] ] - INFO -  * Running on http://20.20.1.150:4500/ (Press CTRL+C to quit)
2021-09-01 15:25:12,917 - MainThread - werkzeug - [_internal._log:225] ] - INFO -  * Restarting with stat
2021-09-01 15:25:13,403 - MainThread - DB-Handler - [db_handler.register_models:25] ] - INFO - Initializing MySQL handler ... 
2021-09-01 15:25:13,508 - MainThread - Spenny-App - [run.<module>:24] ] - INFO - Initializing app ...
2021-09-01 15:25:14,123 - MainThread - werkzeug - [_internal._log:225] ] - WARNING -  * Debugger is active!
2021-09-01 15:25:14,124 - MainThread - werkzeug - [_internal._log:225] ] - INFO -  * Debugger PIN: 172-154-406
2021-09-01 15:26:43,303 - MainThread - werkzeug - [_internal._log:225] ] - INFO -  * Detected change in '/home/dhruva.d@ah.zymrinc.com/Downloads/flask-demo-app-spenny/spenny_app/common/forms/tweet_management_forms.py', reloading
2021-09-01 15:26:43,412 - MainThread - werkzeug - [_internal._log:225] ] - INFO -  * Restarting with stat
2021-09-01 15:26:44,837 - MainThread - DB-Handler - [db_handler.register_models:25] ] - INFO - Initializing MySQL handler ... 
2021-09-01 15:26:45,381 - MainThread - Spenny-App - [run.<module>:24] ] - INFO - Initializing app ...
2021-09-01 15:26:46,160 - MainThread - werkzeug - [_internal._log:225] ] - WARNING -  * Debugger is active!
2021-09-01 15:26:46,161 - MainThread - werkzeug - [_internal._log:225] ] - INFO -  * Debugger PIN: 172-154-406
2021-09-01 15:30:40,172 - MainThread - werkzeug - [_internal._log:225] ] - INFO -  * Detected change in '/home/dhruva.d@ah.zymrinc.com/Downloads/flask-demo-app-spenny/spenny_app/repository/tweet_repository.py', reloading
2021-09-01 15:30:40,287 - MainThread - werkzeug - [_internal._log:225] ] - INFO -  * Restarting with stat
2021-09-01 15:30:41,888 - MainThread - DB-Handler - [db_handler.register_models:25] ] - INFO - Initializing MySQL handler ... 
2021-09-01 15:30:42,466 - MainThread - Spenny-App - [run.<module>:24] ] - INFO - Initializing app ...
2021-09-01 15:30:43,356 - MainThread - werkzeug - [_internal._log:225] ] - WARNING -  * Debugger is active!
2021-09-01 15:30:43,358 - MainThread - werkzeug - [_internal._log:225] ] - INFO -  * Debugger PIN: 172-154-406
2021-09-01 15:30:46,402 - MainThread - werkzeug - [_internal._log:225] ] - INFO -  * Detected change in '/home/dhruva.d@ah.zymrinc.com/Downloads/flask-demo-app-spenny/spenny_app/repository/tweet_repository.py', reloading
2021-09-01 15:30:46,495 - MainThread - werkzeug - [_internal._log:225] ] - INFO -  * Restarting with stat
2021-09-01 15:30:47,022 - MainThread - DB-Handler - [db_handler.register_models:25] ] - INFO - Initializing MySQL handler ... 
2021-09-01 15:30:47,163 - MainThread - Spenny-App - [run.<module>:24] ] - INFO - Initializing app ...
2021-09-01 15:30:47,675 - MainThread - werkzeug - [_internal._log:225] ] - WARNING -  * Debugger is active!
2021-09-01 15:30:47,676 - MainThread - werkzeug - [_internal._log:225] ] - INFO -  * Debugger PIN: 172-154-406
2021-09-01 15:33:40,976 - MainThread - werkzeug - [_internal._log:225] ] - INFO -  * Detected change in '/home/dhruva.d@ah.zymrinc.com/Downloads/flask-demo-app-spenny/spenny_app/common/forms/tweet_management_forms.py', reloading
2021-09-01 15:33:41,072 - MainThread - werkzeug - [_internal._log:225] ] - INFO -  * Restarting with stat
2021-09-01 15:33:42,564 - MainThread - DB-Handler - [db_handler.register_models:25] ] - INFO - Initializing MySQL handler ... 
2021-09-01 15:33:43,315 - MainThread - Spenny-App - [run.<module>:24] ] - INFO - Initializing app ...
2021-09-01 15:33:44,448 - MainThread - werkzeug - [_internal._log:225] ] - WARNING -  * Debugger is active!
2021-09-01 15:33:44,449 - MainThread - werkzeug - [_internal._log:225] ] - INFO -  * Debugger PIN: 172-154-406
2021-09-01 15:34:09,714 - MainThread - werkzeug - [_internal._log:225] ] - INFO -  * Detected change in '/home/dhruva.d@ah.zymrinc.com/Downloads/flask-demo-app-spenny/spenny_app/routes/tweets.py', reloading
2021-09-01 15:34:09,813 - MainThread - werkzeug - [_internal._log:225] ] - INFO -  * Restarting with stat
2021-09-01 15:34:10,347 - MainThread - DB-Handler - [db_handler.register_models:25] ] - INFO - Initializing MySQL handler ... 
2021-09-01 15:34:10,489 - MainThread - Spenny-App - [run.<module>:24] ] - INFO - Initializing app ...
2021-09-01 15:34:11,015 - MainThread - werkzeug - [_internal._log:225] ] - WARNING -  * Debugger is active!
2021-09-01 15:34:11,016 - MainThread - werkzeug - [_internal._log:225] ] - INFO -  * Debugger PIN: 172-154-406
2021-09-01 15:37:01,474 - MainThread - werkzeug - [_internal._log:225] ] - INFO -  * Detected change in '/home/dhruva.d@ah.zymrinc.com/Downloads/flask-demo-app-spenny/spenny_app/services/tweet_management_service/tweet_management_data.py', reloading
2021-09-01 15:37:01,567 - MainThread - werkzeug - [_internal._log:225] ] - INFO -  * Restarting with stat
2021-09-01 15:37:03,078 - MainThread - DB-Handler - [db_handler.register_models:25] ] - INFO - Initializing MySQL handler ... 
2021-09-01 15:37:03,647 - MainThread - Spenny-App - [run.<module>:24] ] - INFO - Initializing app ...
2021-09-01 15:37:04,459 - MainThread - werkzeug - [_internal._log:225] ] - WARNING -  * Debugger is active!
2021-09-01 15:37:04,460 - MainThread - werkzeug - [_internal._log:225] ] - INFO -  * Debugger PIN: 172-154-406
2021-09-01 15:37:25,662 - MainThread - werkzeug - [_internal._log:225] ] - INFO -  * Detected change in '/home/dhruva.d@ah.zymrinc.com/Downloads/flask-demo-app-spenny/spenny_app/services/tweet_management_service/tweet_management_data.py', reloading
2021-09-01 15:37:25,776 - MainThread - werkzeug - [_internal._log:225] ] - INFO -  * Restarting with stat
2021-09-01 15:37:26,269 - MainThread - DB-Handler - [db_handler.register_models:25] ] - INFO - Initializing MySQL handler ... 
2021-09-01 15:37:26,384 - MainThread - Spenny-App - [run.<module>:24] ] - INFO - Initializing app ...
2021-09-01 15:37:26,911 - MainThread - werkzeug - [_internal._log:225] ] - WARNING -  * Debugger is active!
2021-09-01 15:37:26,912 - MainThread - werkzeug - [_internal._log:225] ] - INFO -  * Debugger PIN: 172-154-406
2021-09-01 15:38:45,958 - MainThread - werkzeug - [_internal._log:225] ] - INFO -  * Detected change in '/home/dhruva.d@ah.zymrinc.com/Downloads/flask-demo-app-spenny/spenny_app/routes/tweets.py', reloading
2021-09-01 15:38:46,066 - MainThread - werkzeug - [_internal._log:225] ] - INFO -  * Restarting with stat
2021-09-01 15:38:47,816 - MainThread - DB-Handler - [db_handler.register_models:25] ] - INFO - Initializing MySQL handler ... 
2021-09-01 15:38:48,487 - MainThread - Spenny-App - [run.<module>:24] ] - INFO - Initializing app ...
2021-09-01 15:38:49,317 - MainThread - werkzeug - [_internal._log:225] ] - WARNING -  * Debugger is active!
2021-09-01 15:38:49,318 - MainThread - werkzeug - [_internal._log:225] ] - INFO -  * Debugger PIN: 172-154-406
2021-09-01 15:38:56,486 - MainThread - DB-Handler - [db_handler.register_models:25] ] - INFO - Initializing MySQL handler ... 
2021-09-01 15:38:57,033 - MainThread - Spenny-App - [run.<module>:24] ] - INFO - Initializing app ...
2021-09-01 15:38:57,757 - MainThread - werkzeug - [_internal._log:225] ] - WARNING -  * Running on all addresses.
   WARNING: This is a development server. Do not use it in a production deployment.
2021-09-01 15:38:57,757 - MainThread - werkzeug - [_internal._log:225] ] - INFO -  * Running on http://20.20.1.150:4500/ (Press CTRL+C to quit)
2021-09-01 15:38:57,762 - MainThread - werkzeug - [_internal._log:225] ] - INFO -  * Restarting with stat
2021-09-01 15:38:59,682 - MainThread - DB-Handler - [db_handler.register_models:25] ] - INFO - Initializing MySQL handler ... 
2021-09-01 15:39:00,264 - MainThread - Spenny-App - [run.<module>:24] ] - INFO - Initializing app ...
2021-09-01 15:39:01,023 - MainThread - werkzeug - [_internal._log:225] ] - WARNING -  * Debugger is active!
2021-09-01 15:39:01,023 - MainThread - werkzeug - [_internal._log:225] ] - INFO -  * Debugger PIN: 172-154-406
2021-09-01 15:39:06,097 - MainThread - werkzeug - [_internal._log:225] ] - INFO -  * Detected change in '/home/dhruva.d@ah.zymrinc.com/Downloads/flask-demo-app-spenny/spenny_app/routes/tweets.py', reloading
2021-09-01 15:39:06,199 - MainThread - werkzeug - [_internal._log:225] ] - INFO -  * Restarting with stat
2021-09-01 15:39:07,788 - MainThread - DB-Handler - [db_handler.register_models:25] ] - INFO - Initializing MySQL handler ... 
2021-09-01 15:39:08,362 - MainThread - Spenny-App - [run.<module>:24] ] - INFO - Initializing app ...
2021-09-01 15:39:09,139 - MainThread - werkzeug - [_internal._log:225] ] - WARNING -  * Debugger is active!
2021-09-01 15:39:09,140 - MainThread - werkzeug - [_internal._log:225] ] - INFO -  * Debugger PIN: 172-154-406
2021-09-01 15:39:58,714 - MainThread - werkzeug - [_internal._log:225] ] - INFO -  * Detected change in '/home/dhruva.d@ah.zymrinc.com/Downloads/flask-demo-app-spenny/spenny_app/__init__.py', reloading
2021-09-01 15:39:58,874 - MainThread - werkzeug - [_internal._log:225] ] - INFO -  * Restarting with stat
2021-09-01 15:40:00,808 - MainThread - DB-Handler - [db_handler.register_models:25] ] - INFO - Initializing MySQL handler ... 
2021-09-01 15:40:07,498 - MainThread - DB-Handler - [db_handler.register_models:25] ] - INFO - Initializing MySQL handler ... 
2021-09-01 15:40:27,019 - MainThread - DB-Handler - [db_handler.register_models:25] ] - INFO - Initializing MySQL handler ... 
2021-09-01 15:40:27,570 - MainThread - Spenny-App - [run.<module>:24] ] - INFO - Initializing app ...
2021-09-01 15:40:28,240 - MainThread - werkzeug - [_internal._log:225] ] - WARNING -  * Running on all addresses.
   WARNING: This is a development server. Do not use it in a production deployment.
2021-09-01 15:40:28,241 - MainThread - werkzeug - [_internal._log:225] ] - INFO -  * Running on http://20.20.1.150:4500/ (Press CTRL+C to quit)
2021-09-01 15:40:28,245 - MainThread - werkzeug - [_internal._log:225] ] - INFO -  * Restarting with stat
2021-09-01 15:40:28,677 - MainThread - DB-Handler - [db_handler.register_models:25] ] - INFO - Initializing MySQL handler ... 
2021-09-01 15:40:28,795 - MainThread - Spenny-App - [run.<module>:24] ] - INFO - Initializing app ...
2021-09-01 15:40:29,288 - MainThread - werkzeug - [_internal._log:225] ] - WARNING -  * Debugger is active!
2021-09-01 15:40:29,288 - MainThread - werkzeug - [_internal._log:225] ] - INFO -  * Debugger PIN: 172-154-406
2021-09-01 15:41:33,541 - Thread-2 - werkzeug - [_internal._log:225] ] - INFO - 127.0.0.1 - - [01/Sep/2021 15:41:33] "[35m[1mPOST /api/v1/tweets HTTP/1.1[0m" 500 -
2021-09-01 15:41:53,254 - MainThread - werkzeug - [_internal._log:225] ] - INFO -  * Detected change in '/home/dhruva.d@ah.zymrinc.com/Downloads/flask-demo-app-spenny/spenny_app/services/tweet_management_service/tweet_management_data.py', reloading
2021-09-01 15:41:53,356 - MainThread - werkzeug - [_internal._log:225] ] - INFO -  * Restarting with stat
2021-09-01 15:41:54,847 - MainThread - DB-Handler - [db_handler.register_models:25] ] - INFO - Initializing MySQL handler ... 
2021-09-01 15:41:55,478 - MainThread - Spenny-App - [run.<module>:24] ] - INFO - Initializing app ...
2021-09-01 15:41:56,358 - MainThread - werkzeug - [_internal._log:225] ] - WARNING -  * Debugger is active!
2021-09-01 15:41:56,359 - MainThread - werkzeug - [_internal._log:225] ] - INFO -  * Debugger PIN: 172-154-406
2021-09-01 15:41:56,592 - Thread-2 - werkzeug - [_internal._log:225] ] - INFO - 127.0.0.1 - - [01/Sep/2021 15:41:56] "[35m[1mPOST /api/v1/tweets HTTP/1.1[0m" 500 -
2021-09-01 15:42:20,527 - MainThread - DB-Handler - [db_handler.register_models:25] ] - INFO - Initializing MySQL handler ... 
2021-09-01 15:42:21,093 - MainThread - Spenny-App - [run.<module>:24] ] - INFO - Initializing app ...
2021-09-01 15:42:21,756 - MainThread - werkzeug - [_internal._log:225] ] - WARNING -  * Running on all addresses.
   WARNING: This is a development server. Do not use it in a production deployment.
2021-09-01 15:42:21,756 - MainThread - werkzeug - [_internal._log:225] ] - INFO -  * Running on http://20.20.1.150:4500/ (Press CTRL+C to quit)
2021-09-01 15:42:21,760 - MainThread - werkzeug - [_internal._log:225] ] - INFO -  * Restarting with stat
2021-09-01 15:42:22,193 - MainThread - DB-Handler - [db_handler.register_models:25] ] - INFO - Initializing MySQL handler ... 
2021-09-01 15:42:22,309 - MainThread - Spenny-App - [run.<module>:24] ] - INFO - Initializing app ...
2021-09-01 15:42:22,742 - MainThread - werkzeug - [_internal._log:225] ] - WARNING -  * Debugger is active!
2021-09-01 15:42:22,742 - MainThread - werkzeug - [_internal._log:225] ] - INFO -  * Debugger PIN: 172-154-406
2021-09-01 15:43:05,838 - MainThread - DB-Handler - [db_handler.register_models:25] ] - INFO - Initializing MySQL handler ... 
2021-09-01 15:43:06,529 - MainThread - Spenny-App - [run.<module>:24] ] - INFO - Initializing app ...
2021-09-01 15:43:07,402 - MainThread - werkzeug - [_internal._log:225] ] - WARNING -  * Running on all addresses.
   WARNING: This is a development server. Do not use it in a production deployment.
2021-09-01 15:43:07,402 - MainThread - werkzeug - [_internal._log:225] ] - INFO -  * Running on http://20.20.1.150:4500/ (Press CTRL+C to quit)
2021-09-01 15:43:07,407 - MainThread - werkzeug - [_internal._log:225] ] - INFO -  * Restarting with stat
2021-09-01 15:43:07,959 - MainThread - DB-Handler - [db_handler.register_models:25] ] - INFO - Initializing MySQL handler ... 
2021-09-01 15:43:08,105 - MainThread - Spenny-App - [run.<module>:24] ] - INFO - Initializing app ...
2021-09-01 15:43:08,651 - MainThread - werkzeug - [_internal._log:225] ] - WARNING -  * Debugger is active!
2021-09-01 15:43:08,652 - MainThread - werkzeug - [_internal._log:225] ] - INFO -  * Debugger PIN: 172-154-406
2021-09-01 15:45:15,104 - MainThread - werkzeug - [_internal._log:225] ] - INFO -  * Detected change in '/home/dhruva.d@ah.zymrinc.com/Downloads/flask-demo-app-spenny/spenny_app/config/db_handler.py', reloading
2021-09-01 15:45:15,212 - MainThread - werkzeug - [_internal._log:225] ] - INFO -  * Restarting with stat
2021-09-01 15:45:16,767 - MainThread - DB-Handler - [db_handler.register_models:25] ] - INFO - Initializing MySQL handler ... 
2021-09-01 15:45:17,490 - MainThread - Spenny-App - [run.<module>:24] ] - INFO - Initializing app ...
2021-09-01 15:45:18,363 - MainThread - werkzeug - [_internal._log:225] ] - WARNING -  * Debugger is active!
2021-09-01 15:45:18,364 - MainThread - werkzeug - [_internal._log:225] ] - INFO -  * Debugger PIN: 172-154-406
2021-09-01 15:45:26,160 - Thread-2 - werkzeug - [_internal._log:225] ] - INFO - 127.0.0.1 - - [01/Sep/2021 15:45:26] "POST /api/v1/users/signup HTTP/1.1" 200 -
2021-09-01 15:45:36,884 - Thread-3 - werkzeug - [_internal._log:225] ] - INFO - 127.0.0.1 - - [01/Sep/2021 15:45:36] "POST /api/v1/tweets HTTP/1.1" 200 -
2021-09-01 22:56:50,059 - MainThread - DB-Handler - [db_handler.register_models:25] ] - INFO - Initializing MySQL handler ... 
2021-09-01 22:56:51,094 - MainThread - Spenny-App - [run.<module>:24] ] - INFO - Initializing app ...
2021-09-01 22:56:51,975 - MainThread - werkzeug - [_internal._log:225] ] - WARNING -  * Running on all addresses.
   WARNING: This is a development server. Do not use it in a production deployment.
2021-09-01 22:56:51,975 - MainThread - werkzeug - [_internal._log:225] ] - INFO -  * Running on http://192.168.29.119:4500/ (Press CTRL+C to quit)
2021-09-01 22:56:51,980 - MainThread - werkzeug - [_internal._log:225] ] - INFO -  * Restarting with stat
2021-09-01 22:56:52,572 - MainThread - DB-Handler - [db_handler.register_models:25] ] - INFO - Initializing MySQL handler ... 
2021-09-01 22:56:52,741 - MainThread - Spenny-App - [run.<module>:24] ] - INFO - Initializing app ...
2021-09-01 22:56:53,281 - MainThread - werkzeug - [_internal._log:225] ] - WARNING -  * Debugger is active!
2021-09-01 22:56:53,282 - MainThread - werkzeug - [_internal._log:225] ] - INFO -  * Debugger PIN: 172-154-406
2021-09-01 22:58:01,128 - MainThread - werkzeug - [_internal._log:225] ] - INFO -  * Detected change in '/home/dhruva.d@ah.zymrinc.com/Downloads/flask-demo-app-spenny/spenny_app/routes/followers.py', reloading
2021-09-01 22:58:01,240 - MainThread - werkzeug - [_internal._log:225] ] - INFO -  * Restarting with stat
2021-09-01 22:58:03,334 - MainThread - DB-Handler - [db_handler.register_models:25] ] - INFO - Initializing MySQL handler ... 
2021-09-01 22:58:03,976 - MainThread - Spenny-App - [run.<module>:24] ] - INFO - Initializing app ...
2021-09-01 22:58:05,355 - MainThread - werkzeug - [_internal._log:225] ] - WARNING -  * Debugger is active!
2021-09-01 22:58:05,372 - MainThread - werkzeug - [_internal._log:225] ] - INFO -  * Debugger PIN: 172-154-406
2021-09-01 22:59:03,962 - MainThread - werkzeug - [_internal._log:225] ] - INFO -  * Detected change in '/home/dhruva.d@ah.zymrinc.com/Downloads/flask-demo-app-spenny/spenny_app/__init__.py', reloading
2021-09-01 22:59:04,085 - MainThread - werkzeug - [_internal._log:225] ] - INFO -  * Restarting with stat
2021-09-01 22:59:06,662 - MainThread - DB-Handler - [db_handler.register_models:25] ] - INFO - Initializing MySQL handler ... 
2021-09-01 22:59:38,261 - MainThread - DB-Handler - [db_handler.register_models:25] ] - INFO - Initializing MySQL handler ... 
2021-09-01 23:00:41,496 - MainThread - DB-Handler - [db_handler.register_models:25] ] - INFO - Initializing MySQL handler ... 
2021-09-01 23:00:42,159 - MainThread - Spenny-App - [run.<module>:24] ] - INFO - Initializing app ...
2021-09-01 23:00:42,989 - MainThread - werkzeug - [_internal._log:225] ] - WARNING -  * Running on all addresses.
   WARNING: This is a development server. Do not use it in a production deployment.
2021-09-01 23:00:42,989 - MainThread - werkzeug - [_internal._log:225] ] - INFO -  * Running on http://192.168.29.119:4500/ (Press CTRL+C to quit)
2021-09-01 23:00:42,993 - MainThread - werkzeug - [_internal._log:225] ] - INFO -  * Restarting with stat
2021-09-01 23:00:43,457 - MainThread - DB-Handler - [db_handler.register_models:25] ] - INFO - Initializing MySQL handler ... 
2021-09-01 23:00:43,670 - MainThread - Spenny-App - [run.<module>:24] ] - INFO - Initializing app ...
2021-09-01 23:00:45,365 - MainThread - werkzeug - [_internal._log:225] ] - WARNING -  * Debugger is active!
2021-09-01 23:00:45,366 - MainThread - werkzeug - [_internal._log:225] ] - INFO -  * Debugger PIN: 172-154-406
2021-09-01 23:01:01,361 - Thread-2 - werkzeug - [_internal._log:225] ] - INFO - 127.0.0.1 - - [01/Sep/2021 23:01:01] "POST /api/v1/users/signup HTTP/1.1" 200 -
2021-09-01 23:01:08,857 - Thread-3 - root - [follower_management_data.follwer_add:44] ] - DEBUG - Invalid form fields. Please check again the data you have entered.
2021-09-01 23:01:08,922 - Thread-3 - werkzeug - [_internal._log:225] ] - INFO - 127.0.0.1 - - [01/Sep/2021 23:01:08] "[35m[1mPOST /api/v1/followers HTTP/1.1[0m" 500 -
2021-09-01 23:01:27,097 - Thread-4 - root - [follower_management_data.follwer_add:44] ] - DEBUG - Invalid form fields. Please check again the data you have entered.
2021-09-01 23:01:27,111 - Thread-4 - werkzeug - [_internal._log:225] ] - INFO - 127.0.0.1 - - [01/Sep/2021 23:01:27] "[35m[1mPOST /api/v1/followers HTTP/1.1[0m" 500 -
2021-09-01 23:01:34,365 - Thread-5 - werkzeug - [_internal._log:225] ] - INFO - 127.0.0.1 - - [01/Sep/2021 23:01:34] "[35m[1mPOST /api/v1/followers HTTP/1.1[0m" 500 -
2021-09-01 23:01:46,063 - MainThread - werkzeug - [_internal._log:225] ] - INFO -  * Detected change in '/home/dhruva.d@ah.zymrinc.com/Downloads/flask-demo-app-spenny/spenny_app/services/follower_management_service/follower_management_data.py', reloading
2021-09-01 23:01:46,174 - MainThread - werkzeug - [_internal._log:225] ] - INFO -  * Restarting with stat
2021-09-01 23:01:49,146 - MainThread - DB-Handler - [db_handler.register_models:25] ] - INFO - Initializing MySQL handler ... 
2021-09-01 23:01:49,948 - MainThread - Spenny-App - [run.<module>:24] ] - INFO - Initializing app ...
2021-09-01 23:01:50,816 - MainThread - werkzeug - [_internal._log:225] ] - WARNING -  * Debugger is active!
2021-09-01 23:01:50,817 - MainThread - werkzeug - [_internal._log:225] ] - INFO -  * Debugger PIN: 172-154-406
2021-09-01 23:01:50,875 - Thread-2 - werkzeug - [_internal._log:225] ] - INFO - 127.0.0.1 - - [01/Sep/2021 23:01:50] "POST /api/v1/followers HTTP/1.1" 200 -
2021-09-01 23:05:39,417 - MainThread - werkzeug - [_internal._log:225] ] - INFO -  * Detected change in '/home/dhruva.d@ah.zymrinc.com/Downloads/flask-demo-app-spenny/spenny_app/repository/tweet_repository.py', reloading
2021-09-01 23:05:39,709 - MainThread - werkzeug - [_internal._log:225] ] - INFO -  * Restarting with stat
2021-09-01 23:05:45,753 - MainThread - DB-Handler - [db_handler.register_models:25] ] - INFO - Initializing MySQL handler ... 
2021-09-01 23:05:48,414 - MainThread - Spenny-App - [run.<module>:24] ] - INFO - Initializing app ...
2021-09-01 23:05:49,533 - MainThread - werkzeug - [_internal._log:225] ] - WARNING -  * Debugger is active!
2021-09-01 23:05:49,541 - MainThread - werkzeug - [_internal._log:225] ] - INFO -  * Debugger PIN: 172-154-406
2021-09-01 23:07:24,557 - MainThread - werkzeug - [_internal._log:225] ] - INFO -  * Detected change in '/home/dhruva.d@ah.zymrinc.com/Downloads/flask-demo-app-spenny/spenny_app/services/tweet_management_service/tweet_management_data.py', reloading
2021-09-01 23:07:24,662 - MainThread - werkzeug - [_internal._log:225] ] - INFO -  * Restarting with stat
2021-09-01 23:07:26,750 - MainThread - DB-Handler - [db_handler.register_models:25] ] - INFO - Initializing MySQL handler ... 
2021-09-01 23:07:27,372 - MainThread - Spenny-App - [run.<module>:24] ] - INFO - Initializing app ...
2021-09-01 23:07:28,264 - MainThread - werkzeug - [_internal._log:225] ] - WARNING -  * Debugger is active!
2021-09-01 23:07:28,266 - MainThread - werkzeug - [_internal._log:225] ] - INFO -  * Debugger PIN: 172-154-406
2021-09-01 23:08:08,143 - Thread-2 - werkzeug - [_internal._log:225] ] - INFO - 127.0.0.1 - - [01/Sep/2021 23:08:08] "[33mGET /api/v1/tweets/1 HTTP/1.1[0m" 404 -
2021-09-01 23:08:49,167 - MainThread - werkzeug - [_internal._log:225] ] - INFO -  * Detected change in '/home/dhruva.d@ah.zymrinc.com/Downloads/flask-demo-app-spenny/spenny_app/routes/tweets.py', reloading
2021-09-01 23:08:49,278 - MainThread - werkzeug - [_internal._log:225] ] - INFO -  * Restarting with stat
2021-09-01 23:08:51,780 - MainThread - DB-Handler - [db_handler.register_models:25] ] - INFO - Initializing MySQL handler ... 
2021-09-01 23:09:12,148 - MainThread - DB-Handler - [db_handler.register_models:25] ] - INFO - Initializing MySQL handler ... 
2021-09-01 23:09:12,788 - MainThread - Spenny-App - [run.<module>:24] ] - INFO - Initializing app ...
2021-09-01 23:09:13,725 - MainThread - werkzeug - [_internal._log:225] ] - WARNING -  * Running on all addresses.
   WARNING: This is a development server. Do not use it in a production deployment.
2021-09-01 23:09:13,725 - MainThread - werkzeug - [_internal._log:225] ] - INFO -  * Running on http://192.168.29.119:4500/ (Press CTRL+C to quit)
2021-09-01 23:09:13,729 - MainThread - werkzeug - [_internal._log:225] ] - INFO -  * Restarting with stat
2021-09-01 23:09:14,257 - MainThread - DB-Handler - [db_handler.register_models:25] ] - INFO - Initializing MySQL handler ... 
2021-09-01 23:09:14,419 - MainThread - Spenny-App - [run.<module>:24] ] - INFO - Initializing app ...
2021-09-01 23:09:14,898 - MainThread - werkzeug - [_internal._log:225] ] - WARNING -  * Debugger is active!
2021-09-01 23:09:14,901 - MainThread - werkzeug - [_internal._log:225] ] - INFO -  * Debugger PIN: 172-154-406
2021-09-01 23:09:16,359 - Thread-2 - werkzeug - [_internal._log:225] ] - INFO - 127.0.0.1 - - [01/Sep/2021 23:09:16] "GET /api/v1/tweets/1 HTTP/1.1" 200 -
2021-09-01 23:09:56,703 - Thread-3 - werkzeug - [_internal._log:225] ] - INFO - 127.0.0.1 - - [01/Sep/2021 23:09:56] "POST /api/v1/tweets HTTP/1.1" 200 -
2021-09-01 23:10:00,490 - Thread-4 - werkzeug - [_internal._log:225] ] - INFO - 127.0.0.1 - - [01/Sep/2021 23:10:00] "GET /api/v1/tweets/1 HTTP/1.1" 200 -
2021-09-01 23:10:09,500 - MainThread - werkzeug - [_internal._log:225] ] - INFO -  * Detected change in '/home/dhruva.d@ah.zymrinc.com/Downloads/flask-demo-app-spenny/spenny_app/repository/tweet_repository.py', reloading
2021-09-01 23:10:09,613 - MainThread - werkzeug - [_internal._log:225] ] - INFO -  * Restarting with stat
2021-09-01 23:10:12,037 - MainThread - DB-Handler - [db_handler.register_models:25] ] - INFO - Initializing MySQL handler ... 
2021-09-01 23:10:12,871 - MainThread - Spenny-App - [run.<module>:24] ] - INFO - Initializing app ...
2021-09-01 23:10:13,859 - MainThread - werkzeug - [_internal._log:225] ] - WARNING -  * Debugger is active!
2021-09-01 23:10:13,861 - MainThread - werkzeug - [_internal._log:225] ] - INFO -  * Debugger PIN: 172-154-406
2021-09-01 23:10:13,931 - Thread-2 - werkzeug - [_internal._log:225] ] - INFO - 127.0.0.1 - - [01/Sep/2021 23:10:13] "[35m[1mGET /api/v1/tweets/1 HTTP/1.1[0m" 500 -
2021-09-01 23:10:24,019 - MainThread - werkzeug - [_internal._log:225] ] - INFO -  * Detected change in '/home/dhruva.d@ah.zymrinc.com/Downloads/flask-demo-app-spenny/spenny_app/services/tweet_management_service/tweet_management_data.py', reloading
2021-09-01 23:10:24,115 - MainThread - werkzeug - [_internal._log:225] ] - INFO -  * Restarting with stat
2021-09-01 23:10:24,689 - MainThread - DB-Handler - [db_handler.register_models:25] ] - INFO - Initializing MySQL handler ... 
2021-09-01 23:10:24,855 - MainThread - Spenny-App - [run.<module>:24] ] - INFO - Initializing app ...
2021-09-01 23:10:25,400 - MainThread - werkzeug - [_internal._log:225] ] - WARNING -  * Debugger is active!
2021-09-01 23:10:25,402 - MainThread - werkzeug - [_internal._log:225] ] - INFO -  * Debugger PIN: 172-154-406
2021-09-01 23:10:26,361 - Thread-2 - werkzeug - [_internal._log:225] ] - INFO - 127.0.0.1 - - [01/Sep/2021 23:10:26] "[35m[1mGET /api/v1/tweets/1 HTTP/1.1[0m" 500 -
2021-09-01 23:13:21,364 - MainThread - werkzeug - [_internal._log:225] ] - INFO -  * Detected change in '/home/dhruva.d@ah.zymrinc.com/Downloads/flask-demo-app-spenny/spenny_app/services/tweet_management_service/tweet_management_data.py', reloading
2021-09-01 23:13:21,469 - MainThread - werkzeug - [_internal._log:225] ] - INFO -  * Restarting with stat
2021-09-01 23:13:24,493 - MainThread - DB-Handler - [db_handler.register_models:25] ] - INFO - Initializing MySQL handler ... 
2021-09-01 23:13:25,835 - MainThread - Spenny-App - [run.<module>:24] ] - INFO - Initializing app ...
2021-09-01 23:13:27,950 - MainThread - werkzeug - [_internal._log:225] ] - WARNING -  * Debugger is active!
2021-09-01 23:13:27,952 - MainThread - werkzeug - [_internal._log:225] ] - INFO -  * Debugger PIN: 172-154-406
2021-09-01 23:13:27,984 - Thread-2 - werkzeug - [_internal._log:225] ] - INFO - 127.0.0.1 - - [01/Sep/2021 23:13:27] "GET /api/v1/tweets/1 HTTP/1.1" 200 -
2021-09-01 23:13:48,189 - MainThread - werkzeug - [_internal._log:225] ] - INFO -  * Detected change in '/home/dhruva.d@ah.zymrinc.com/Downloads/flask-demo-app-spenny/spenny_app/services/tweet_management_service/tweet_management_data.py', reloading
2021-09-01 23:13:48,307 - MainThread - werkzeug - [_internal._log:225] ] - INFO -  * Restarting with stat
2021-09-01 23:13:49,479 - MainThread - DB-Handler - [db_handler.register_models:25] ] - INFO - Initializing MySQL handler ... 
2021-09-01 23:13:49,639 - MainThread - Spenny-App - [run.<module>:24] ] - INFO - Initializing app ...
2021-09-01 23:13:50,206 - MainThread - werkzeug - [_internal._log:225] ] - WARNING -  * Debugger is active!
2021-09-01 23:13:50,207 - MainThread - werkzeug - [_internal._log:225] ] - INFO -  * Debugger PIN: 172-154-406
2021-09-01 23:16:15,745 - MainThread - werkzeug - [_internal._log:225] ] - INFO -  * Detected change in '/home/dhruva.d@ah.zymrinc.com/Downloads/flask-demo-app-spenny/spenny_app/repository/tweet_repository.py', reloading
2021-09-01 23:16:16,194 - MainThread - werkzeug - [_internal._log:225] ] - INFO -  * Restarting with stat
2021-09-01 23:16:20,735 - MainThread - DB-Handler - [db_handler.register_models:25] ] - INFO - Initializing MySQL handler ... 
2021-09-01 23:16:21,552 - MainThread - Spenny-App - [run.<module>:24] ] - INFO - Initializing app ...
2021-09-01 23:16:22,478 - MainThread - werkzeug - [_internal._log:225] ] - WARNING -  * Debugger is active!
2021-09-01 23:16:22,480 - MainThread - werkzeug - [_internal._log:225] ] - INFO -  * Debugger PIN: 172-154-406
2021-09-01 23:16:23,526 - Thread-2 - werkzeug - [_internal._log:225] ] - INFO - 127.0.0.1 - - [01/Sep/2021 23:16:23] "GET /api/v1/tweets/1 HTTP/1.1" 200 -
2021-09-01 23:17:44,248 - MainThread - werkzeug - [_internal._log:225] ] - INFO -  * Detected change in '/home/dhruva.d@ah.zymrinc.com/Downloads/flask-demo-app-spenny/spenny_app/repository/tweet_repository.py', reloading
2021-09-01 23:17:44,364 - MainThread - werkzeug - [_internal._log:225] ] - INFO -  * Restarting with stat
2021-09-01 23:17:46,989 - MainThread - DB-Handler - [db_handler.register_models:25] ] - INFO - Initializing MySQL handler ... 
2021-09-01 23:17:47,912 - MainThread - Spenny-App - [run.<module>:24] ] - INFO - Initializing app ...
2021-09-01 23:17:49,173 - MainThread - werkzeug - [_internal._log:225] ] - WARNING -  * Debugger is active!
2021-09-01 23:17:49,179 - MainThread - werkzeug - [_internal._log:225] ] - INFO -  * Debugger PIN: 172-154-406
2021-09-01 23:17:49,224 - Thread-2 - werkzeug - [_internal._log:225] ] - INFO - 127.0.0.1 - - [01/Sep/2021 23:17:49] "GET /api/v1/tweets/1 HTTP/1.1" 200 -
2021-09-02 10:00:16,775 - MainThread - DB-Handler - [db_handler.register_models:25] ] - INFO - Initializing MySQL handler ... 
2021-09-02 10:00:17,883 - MainThread - Spenny-App - [run.<module>:24] ] - INFO - Initializing app ...
2021-09-02 10:00:18,858 - MainThread - werkzeug - [_internal._log:225] ] - WARNING -  * Running on all addresses.
   WARNING: This is a development server. Do not use it in a production deployment.
2021-09-02 10:00:18,859 - MainThread - werkzeug - [_internal._log:225] ] - INFO -  * Running on http://192.168.29.119:4500/ (Press CTRL+C to quit)
2021-09-02 10:00:18,863 - MainThread - werkzeug - [_internal._log:225] ] - INFO -  * Restarting with stat
2021-09-02 10:00:19,469 - MainThread - DB-Handler - [db_handler.register_models:25] ] - INFO - Initializing MySQL handler ... 
2021-09-02 10:00:19,651 - MainThread - Spenny-App - [run.<module>:24] ] - INFO - Initializing app ...
2021-09-02 10:00:20,348 - MainThread - werkzeug - [_internal._log:225] ] - WARNING -  * Debugger is active!
2021-09-02 10:00:20,484 - MainThread - werkzeug - [_internal._log:225] ] - INFO -  * Debugger PIN: 925-820-349
2021-09-02 10:05:29,740 - MainThread - werkzeug - [_internal._log:225] ] - INFO -  * Detected change in '/home/dhruva.d@ah.zymrinc.com/Downloads/flask-demo-app-spenny/spenny_app/utils/http_response_handler.py', reloading
2021-09-02 10:05:29,861 - MainThread - werkzeug - [_internal._log:225] ] - INFO -  * Restarting with stat
2021-09-02 10:05:32,867 - MainThread - DB-Handler - [db_handler.register_models:25] ] - INFO - Initializing MySQL handler ... 
2021-09-02 10:05:33,541 - MainThread - Spenny-App - [run.<module>:24] ] - INFO - Initializing app ...
2021-09-02 10:05:35,751 - MainThread - werkzeug - [_internal._log:225] ] - WARNING -  * Debugger is active!
2021-09-02 10:05:35,753 - MainThread - werkzeug - [_internal._log:225] ] - INFO -  * Debugger PIN: 925-820-349
2021-09-02 10:05:52,914 - MainThread - werkzeug - [_internal._log:225] ] - INFO -  * Detected change in '/home/dhruva.d@ah.zymrinc.com/Downloads/flask-demo-app-spenny/spenny_app/utils/http_response_handler.py', reloading
2021-09-02 10:05:53,022 - MainThread - werkzeug - [_internal._log:225] ] - INFO -  * Restarting with stat
2021-09-02 10:05:55,461 - MainThread - DB-Handler - [db_handler.register_models:25] ] - INFO - Initializing MySQL handler ... 
2021-09-02 10:05:56,096 - MainThread - Spenny-App - [run.<module>:24] ] - INFO - Initializing app ...
2021-09-02 10:05:56,942 - MainThread - werkzeug - [_internal._log:225] ] - WARNING -  * Debugger is active!
2021-09-02 10:05:56,943 - MainThread - werkzeug - [_internal._log:225] ] - INFO -  * Debugger PIN: 925-820-349
2021-09-02 10:07:06,690 - MainThread - werkzeug - [_internal._log:225] ] - INFO -  * Detected change in '/home/dhruva.d@ah.zymrinc.com/Downloads/flask-demo-app-spenny/spenny_app/services/user_management_service/user_management_data.py', reloading
2021-09-02 10:07:06,802 - MainThread - werkzeug - [_internal._log:225] ] - INFO -  * Restarting with stat
2021-09-02 10:07:09,036 - MainThread - DB-Handler - [db_handler.register_models:25] ] - INFO - Initializing MySQL handler ... 
2021-09-02 10:07:10,123 - MainThread - Spenny-App - [run.<module>:24] ] - INFO - Initializing app ...
2021-09-02 10:07:12,578 - MainThread - werkzeug - [_internal._log:225] ] - WARNING -  * Debugger is active!
2021-09-02 10:07:12,579 - MainThread - werkzeug - [_internal._log:225] ] - INFO -  * Debugger PIN: 925-820-349
2021-09-02 10:08:04,796 - Thread-2 - werkzeug - [_internal._log:225] ] - INFO - 127.0.0.1 - - [02/Sep/2021 10:08:04] "POST /api/v1/users/login HTTP/1.1" 200 -
2021-09-02 10:08:52,710 - MainThread - werkzeug - [_internal._log:225] ] - INFO -  * Detected change in '/home/dhruva.d@ah.zymrinc.com/Downloads/flask-demo-app-spenny/spenny_app/common/forms/tweet_management_forms.py', reloading
2021-09-02 10:08:52,841 - MainThread - werkzeug - [_internal._log:225] ] - INFO -  * Restarting with stat
2021-09-02 10:08:55,731 - MainThread - DB-Handler - [db_handler.register_models:25] ] - INFO - Initializing MySQL handler ... 
2021-09-02 10:08:56,622 - MainThread - Spenny-App - [run.<module>:24] ] - INFO - Initializing app ...
2021-09-02 10:08:57,586 - MainThread - werkzeug - [_internal._log:225] ] - WARNING -  * Debugger is active!
2021-09-02 10:08:57,587 - MainThread - werkzeug - [_internal._log:225] ] - INFO -  * Debugger PIN: 925-820-349
2021-09-02 10:12:53,068 - MainThread - werkzeug - [_internal._log:225] ] - INFO -  * Detected change in '/home/dhruva.d@ah.zymrinc.com/Downloads/flask-demo-app-spenny/spenny_app/utils/jwt_encipherment.py', reloading
2021-09-02 10:12:53,172 - MainThread - werkzeug - [_internal._log:225] ] - INFO -  * Restarting with stat
2021-09-02 10:12:55,889 - MainThread - DB-Handler - [db_handler.register_models:25] ] - INFO - Initializing MySQL handler ... 
2021-09-02 10:15:43,306 - MainThread - DB-Handler - [db_handler.register_models:25] ] - INFO - Initializing MySQL handler ... 
2021-09-02 10:16:08,261 - MainThread - DB-Handler - [db_handler.register_models:25] ] - INFO - Initializing MySQL handler ... 
2021-09-02 10:16:09,192 - MainThread - Spenny-App - [run.<module>:24] ] - INFO - Initializing app ...
2021-09-02 10:16:10,409 - MainThread - werkzeug - [_internal._log:225] ] - WARNING -  * Running on all addresses.
   WARNING: This is a development server. Do not use it in a production deployment.
2021-09-02 10:16:10,409 - MainThread - werkzeug - [_internal._log:225] ] - INFO -  * Running on http://192.168.29.119:4500/ (Press CTRL+C to quit)
2021-09-02 10:16:10,417 - MainThread - werkzeug - [_internal._log:225] ] - INFO -  * Restarting with stat
2021-09-02 10:16:11,114 - MainThread - DB-Handler - [db_handler.register_models:25] ] - INFO - Initializing MySQL handler ... 
2021-09-02 10:16:11,306 - MainThread - Spenny-App - [run.<module>:24] ] - INFO - Initializing app ...
2021-09-02 10:16:12,037 - MainThread - werkzeug - [_internal._log:225] ] - WARNING -  * Debugger is active!
2021-09-02 10:16:12,039 - MainThread - werkzeug - [_internal._log:225] ] - INFO -  * Debugger PIN: 925-820-349
2021-09-02 10:17:06,245 - Thread-2 - werkzeug - [_internal._log:225] ] - INFO - 127.0.0.1 - - [02/Sep/2021 10:17:06] "[35m[1mPOST /api/v1/tweets HTTP/1.1[0m" 500 -
2021-09-02 10:17:37,862 - MainThread - werkzeug - [_internal._log:225] ] - INFO -  * Detected change in '/home/dhruva.d@ah.zymrinc.com/Downloads/flask-demo-app-spenny/spenny_app/services/user_management_service/user_management_data.py', reloading
2021-09-02 10:17:37,980 - MainThread - werkzeug - [_internal._log:225] ] - INFO -  * Restarting with stat
2021-09-02 10:17:40,695 - MainThread - DB-Handler - [db_handler.register_models:25] ] - INFO - Initializing MySQL handler ... 
2021-09-02 10:17:41,285 - MainThread - Spenny-App - [run.<module>:24] ] - INFO - Initializing app ...
2021-09-02 10:17:42,144 - MainThread - werkzeug - [_internal._log:225] ] - WARNING -  * Debugger is active!
2021-09-02 10:17:42,145 - MainThread - werkzeug - [_internal._log:225] ] - INFO -  * Debugger PIN: 925-820-349
2021-09-02 10:17:47,407 - Thread-2 - werkzeug - [_internal._log:225] ] - INFO - 127.0.0.1 - - [02/Sep/2021 10:17:47] "POST /api/v1/users/login HTTP/1.1" 200 -
2021-09-02 10:17:51,260 - Thread-3 - werkzeug - [_internal._log:225] ] - INFO - 127.0.0.1 - - [02/Sep/2021 10:17:51] "POST /api/v1/tweets HTTP/1.1" 200 -
2021-09-02 10:19:48,561 - MainThread - werkzeug - [_internal._log:225] ] - INFO -  * Detected change in '/home/dhruva.d@ah.zymrinc.com/Downloads/flask-demo-app-spenny/spenny_app/services/tweet_management_service/tweet_management_data.py', reloading
2021-09-02 10:31:26,653 - MainThread - werkzeug - [_internal._log:225] ] - INFO -  * Restarting with stat
2021-09-02 10:31:29,726 - MainThread - DB-Handler - [db_handler.register_models:25] ] - INFO - Initializing MySQL handler ... 
2021-09-02 10:31:30,664 - MainThread - Spenny-App - [run.<module>:24] ] - INFO - Initializing app ...
2021-09-02 10:31:31,993 - MainThread - werkzeug - [_internal._log:225] ] - WARNING -  * Debugger is active!
2021-09-02 10:31:31,994 - MainThread - werkzeug - [_internal._log:225] ] - INFO -  * Debugger PIN: 925-820-349
2021-09-02 10:32:00,528 - Thread-2 - werkzeug - [_internal._log:225] ] - INFO - 127.0.0.1 - - [02/Sep/2021 10:32:00] "GET /api/v1/tweets/followers HTTP/1.1" 200 -
2021-09-02 10:34:13,859 - MainThread - werkzeug - [_internal._log:225] ] - INFO -  * Detected change in '/home/dhruva.d@ah.zymrinc.com/Downloads/flask-demo-app-spenny/spenny_app/services/tweet_management_service/tweet_management_data.py', reloading
2021-09-02 10:34:13,973 - MainThread - werkzeug - [_internal._log:225] ] - INFO -  * Restarting with stat
2021-09-02 10:34:17,600 - MainThread - DB-Handler - [db_handler.register_models:25] ] - INFO - Initializing MySQL handler ... 
2021-09-02 10:34:18,418 - MainThread - Spenny-App - [run.<module>:24] ] - INFO - Initializing app ...
2021-09-02 10:34:19,752 - MainThread - werkzeug - [_internal._log:225] ] - WARNING -  * Debugger is active!
2021-09-02 10:34:19,753 - MainThread - werkzeug - [_internal._log:225] ] - INFO -  * Debugger PIN: 925-820-349
2021-09-02 10:34:19,926 - Thread-2 - werkzeug - [_internal._log:225] ] - INFO - 127.0.0.1 - - [02/Sep/2021 10:34:19] "[35m[1mGET /api/v1/tweets/followers HTTP/1.1[0m" 500 -
2021-09-02 10:34:37,001 - MainThread - werkzeug - [_internal._log:225] ] - INFO -  * Detected change in '/home/dhruva.d@ah.zymrinc.com/Downloads/flask-demo-app-spenny/spenny_app/repository/tweet_repository.py', reloading
2021-09-02 10:34:37,122 - MainThread - werkzeug - [_internal._log:225] ] - INFO -  * Restarting with stat
2021-09-02 10:34:41,428 - MainThread - DB-Handler - [db_handler.register_models:25] ] - INFO - Initializing MySQL handler ... 
2021-09-02 10:34:42,685 - MainThread - Spenny-App - [run.<module>:24] ] - INFO - Initializing app ...
2021-09-02 10:34:46,437 - MainThread - werkzeug - [_internal._log:225] ] - WARNING -  * Debugger is active!
2021-09-02 10:34:46,438 - MainThread - werkzeug - [_internal._log:225] ] - INFO -  * Debugger PIN: 925-820-349
2021-09-02 10:34:46,655 - Thread-2 - werkzeug - [_internal._log:225] ] - INFO - 127.0.0.1 - - [02/Sep/2021 10:34:46] "[35m[1mGET /api/v1/tweets/followers HTTP/1.1[0m" 500 -
2021-09-02 10:37:26,960 - MainThread - werkzeug - [_internal._log:225] ] - INFO -  * Detected change in '/home/dhruva.d@ah.zymrinc.com/Downloads/flask-demo-app-spenny/spenny_app/repository/tweet_repository.py', reloading
2021-09-02 10:37:27,065 - MainThread - werkzeug - [_internal._log:225] ] - INFO -  * Restarting with stat
2021-09-02 10:37:29,678 - MainThread - DB-Handler - [db_handler.register_models:25] ] - INFO - Initializing MySQL handler ... 
2021-09-02 10:37:30,397 - MainThread - Spenny-App - [run.<module>:24] ] - INFO - Initializing app ...
2021-09-02 10:37:31,288 - MainThread - werkzeug - [_internal._log:225] ] - WARNING -  * Debugger is active!
2021-09-02 10:37:31,289 - MainThread - werkzeug - [_internal._log:225] ] - INFO -  * Debugger PIN: 925-820-349
2021-09-02 10:37:40,391 - MainThread - werkzeug - [_internal._log:225] ] - INFO -  * Detected change in '/home/dhruva.d@ah.zymrinc.com/Downloads/flask-demo-app-spenny/spenny_app/repository/tweet_repository.py', reloading
2021-09-02 10:37:40,499 - MainThread - werkzeug - [_internal._log:225] ] - INFO -  * Restarting with stat
2021-09-02 10:37:41,081 - MainThread - DB-Handler - [db_handler.register_models:25] ] - INFO - Initializing MySQL handler ... 
2021-09-02 10:37:41,247 - MainThread - Spenny-App - [run.<module>:24] ] - INFO - Initializing app ...
2021-09-02 10:37:41,918 - MainThread - werkzeug - [_internal._log:225] ] - WARNING -  * Debugger is active!
2021-09-02 10:37:41,918 - MainThread - werkzeug - [_internal._log:225] ] - INFO -  * Debugger PIN: 925-820-349
2021-09-02 10:37:45,714 - Thread-2 - werkzeug - [_internal._log:225] ] - INFO - 127.0.0.1 - - [02/Sep/2021 10:37:45] "GET /api/v1/tweets/followers HTTP/1.1" 200 -
2021-09-02 10:38:10,473 - Thread-3 - werkzeug - [_internal._log:225] ] - INFO - 127.0.0.1 - - [02/Sep/2021 10:38:10] "POST /api/v1/users/login HTTP/1.1" 200 -
2021-09-02 10:38:14,451 - Thread-4 - werkzeug - [_internal._log:225] ] - INFO - 127.0.0.1 - - [02/Sep/2021 10:38:14] "GET /api/v1/tweets/followers HTTP/1.1" 200 -
2021-09-02 10:38:24,405 - Thread-5 - werkzeug - [_internal._log:225] ] - INFO - 127.0.0.1 - - [02/Sep/2021 10:38:24] "POST /api/v1/users/login HTTP/1.1" 200 -
2021-09-02 10:38:30,568 - Thread-6 - werkzeug - [_internal._log:225] ] - INFO - 127.0.0.1 - - [02/Sep/2021 10:38:30] "POST /api/v1/users/login HTTP/1.1" 200 -
2021-09-02 10:38:41,917 - Thread-7 - werkzeug - [_internal._log:225] ] - INFO - 127.0.0.1 - - [02/Sep/2021 10:38:41] "POST /api/v1/tweets HTTP/1.1" 200 -
2021-09-02 10:38:51,710 - Thread-8 - werkzeug - [_internal._log:225] ] - INFO - 127.0.0.1 - - [02/Sep/2021 10:38:51] "POST /api/v1/users/login HTTP/1.1" 200 -
2021-09-02 10:38:55,787 - Thread-9 - werkzeug - [_internal._log:225] ] - INFO - 127.0.0.1 - - [02/Sep/2021 10:38:55] "GET /api/v1/tweets/followers HTTP/1.1" 200 -
2021-09-02 10:39:09,819 - MainThread - werkzeug - [_internal._log:225] ] - INFO -  * Detected change in '/home/dhruva.d@ah.zymrinc.com/Downloads/flask-demo-app-spenny/spenny_app/repository/tweet_repository.py', reloading
2021-09-02 10:39:09,933 - MainThread - werkzeug - [_internal._log:225] ] - INFO -  * Restarting with stat
2021-09-02 10:39:13,553 - MainThread - DB-Handler - [db_handler.register_models:25] ] - INFO - Initializing MySQL handler ... 
2021-09-02 10:39:14,280 - MainThread - Spenny-App - [run.<module>:24] ] - INFO - Initializing app ...
2021-09-02 10:39:15,229 - MainThread - werkzeug - [_internal._log:225] ] - WARNING -  * Debugger is active!
2021-09-02 10:39:15,230 - MainThread - werkzeug - [_internal._log:225] ] - INFO -  * Debugger PIN: 925-820-349
2021-09-02 10:39:19,297 - MainThread - werkzeug - [_internal._log:225] ] - INFO -  * Detected change in '/home/dhruva.d@ah.zymrinc.com/Downloads/flask-demo-app-spenny/spenny_app/services/tweet_management_service/tweet_management_data.py', reloading
2021-09-02 10:39:19,409 - MainThread - werkzeug - [_internal._log:225] ] - INFO -  * Restarting with stat
2021-09-02 10:39:20,072 - MainThread - DB-Handler - [db_handler.register_models:25] ] - INFO - Initializing MySQL handler ... 
2021-09-02 10:39:20,271 - MainThread - Spenny-App - [run.<module>:24] ] - INFO - Initializing app ...
2021-09-02 10:39:20,977 - MainThread - werkzeug - [_internal._log:225] ] - WARNING -  * Debugger is active!
2021-09-02 10:39:20,978 - MainThread - werkzeug - [_internal._log:225] ] - INFO -  * Debugger PIN: 925-820-349
2021-09-02 11:08:14,249 - MainThread - werkzeug - [_internal._log:225] ] - INFO -  * Detected change in '/home/dhruva.d@ah.zymrinc.com/Downloads/flask-demo-app-spenny/spenny_app/config/swagger.py', reloading
2021-09-02 11:08:14,376 - MainThread - werkzeug - [_internal._log:225] ] - INFO -  * Restarting with stat
2021-09-02 11:08:18,329 - MainThread - DB-Handler - [db_handler.register_models:25] ] - INFO - Initializing MySQL handler ... 
2021-09-02 11:08:19,094 - MainThread - Spenny-App - [run.<module>:24] ] - INFO - Initializing app ...
2021-09-02 11:08:20,207 - MainThread - werkzeug - [_internal._log:225] ] - WARNING -  * Debugger is active!
2021-09-02 11:08:20,208 - MainThread - werkzeug - [_internal._log:225] ] - INFO -  * Debugger PIN: 925-820-349
2021-09-02 11:08:25,288 - MainThread - werkzeug - [_internal._log:225] ] - INFO -  * Detected change in '/home/dhruva.d@ah.zymrinc.com/Downloads/flask-demo-app-spenny/spenny_app/__init__.py', reloading
2021-09-02 11:08:25,402 - MainThread - werkzeug - [_internal._log:225] ] - INFO -  * Restarting with stat
2021-09-02 11:08:26,190 - MainThread - DB-Handler - [db_handler.register_models:25] ] - INFO - Initializing MySQL handler ... 
2021-09-02 11:08:26,416 - MainThread - Spenny-App - [run.<module>:24] ] - INFO - Initializing app ...
2021-09-02 11:08:27,095 - MainThread - werkzeug - [_internal._log:225] ] - WARNING -  * Debugger is active!
2021-09-02 11:08:27,096 - MainThread - werkzeug - [_internal._log:225] ] - INFO -  * Debugger PIN: 925-820-349
2021-09-02 11:08:41,295 - Thread-2 - werkzeug - [_internal._log:225] ] - INFO - 127.0.0.1 - - [02/Sep/2021 11:08:41] "GET / HTTP/1.1" 200 -
2021-09-02 11:08:41,354 - Thread-3 - werkzeug - [_internal._log:225] ] - INFO - 127.0.0.1 - - [02/Sep/2021 11:08:41] "GET /favicon.ico HTTP/1.1" 200 -
2021-09-02 11:08:52,638 - Thread-4 - werkzeug - [_internal._log:225] ] - INFO - 127.0.0.1 - - [02/Sep/2021 11:08:52] "[32mGET /swagger HTTP/1.1[0m" 308 -
2021-09-02 11:08:52,655 - Thread-5 - werkzeug - [_internal._log:225] ] - INFO - 127.0.0.1 - - [02/Sep/2021 11:08:52] "GET /swagger/ HTTP/1.1" 200 -
2021-09-02 11:08:52,690 - Thread-6 - werkzeug - [_internal._log:225] ] - INFO - 127.0.0.1 - - [02/Sep/2021 11:08:52] "GET /swagger/swagger-ui.css HTTP/1.1" 200 -
2021-09-02 11:08:52,748 - Thread-7 - werkzeug - [_internal._log:225] ] - INFO - 127.0.0.1 - - [02/Sep/2021 11:08:52] "GET /swagger/swagger-ui-bundle.js HTTP/1.1" 200 -
2021-09-02 11:08:52,758 - Thread-8 - werkzeug - [_internal._log:225] ] - INFO - 127.0.0.1 - - [02/Sep/2021 11:08:52] "GET /swagger/swagger-ui-standalone-preset.js HTTP/1.1" 200 -
2021-09-02 11:08:53,039 - Thread-9 - werkzeug - [_internal._log:225] ] - INFO - 127.0.0.1 - - [02/Sep/2021 11:08:53] "GET /static/swagger.yaml HTTP/1.1" 200 -
2021-09-02 11:08:53,075 - Thread-10 - werkzeug - [_internal._log:225] ] - INFO - 127.0.0.1 - - [02/Sep/2021 11:08:53] "GET /swagger/favicon-32x32.png HTTP/1.1" 200 -
2021-09-02 11:09:19,715 - Thread-11 - root - [user_management_data.user_sign_up:62] ] - DEBUG - Invalid form fields. Please check again the data you have entered.
2021-09-02 11:09:19,757 - Thread-11 - werkzeug - [_internal._log:225] ] - INFO - 127.0.0.1 - - [02/Sep/2021 11:09:19] "[35m[1mPOST /api/v1/users/signup HTTP/1.1[0m" 500 -
2021-09-02 11:10:22,135 - Thread-12 - root - [user_management_data.user_sign_up:62] ] - DEBUG - Invalid form fields. Please check again the data you have entered.
2021-09-02 11:10:22,188 - Thread-12 - werkzeug - [_internal._log:225] ] - INFO - 127.0.0.1 - - [02/Sep/2021 11:10:22] "[35m[1mPOST /api/v1/users/signup HTTP/1.1[0m" 500 -
2021-09-02 11:11:23,795 - Thread-13 - werkzeug - [_internal._log:225] ] - INFO - 127.0.0.1 - - [02/Sep/2021 11:11:23] "POST /api/v1/users/signup HTTP/1.1" 200 -
2021-09-02 11:11:42,989 - Thread-14 - werkzeug - [_internal._log:225] ] - INFO - 127.0.0.1 - - [02/Sep/2021 11:11:42] "POST /api/v1/users/login HTTP/1.1" 200 -
2021-09-02 11:12:00,408 - Thread-15 - werkzeug - [_internal._log:225] ] - INFO - 127.0.0.1 - - [02/Sep/2021 11:12:00] "POST /api/v1/tweets HTTP/1.1" 200 -
2021-09-02 11:12:06,650 - Thread-16 - werkzeug - [_internal._log:225] ] - INFO - 127.0.0.1 - - [02/Sep/2021 11:12:06] "GET /api/v1/tweets/followers HTTP/1.1" 200 -
2021-09-02 11:12:18,824 - Thread-17 - root - [follower_management_data.follwer_add:44] ] - DEBUG - Invalid form fields. Please check again the data you have entered.
2021-09-02 11:12:18,860 - Thread-17 - werkzeug - [_internal._log:225] ] - INFO - 127.0.0.1 - - [02/Sep/2021 11:12:18] "[35m[1mPOST /api/v1/followers HTTP/1.1[0m" 500 -
2021-09-02 11:14:11,026 - MainThread - DB-Handler - [db_handler.register_models:25] ] - INFO - Initializing MySQL handler ... 
2021-09-02 11:14:11,883 - MainThread - Spenny-App - [run.<module>:24] ] - INFO - Initializing app ...
2021-09-02 11:14:14,421 - MainThread - werkzeug - [_internal._log:225] ] - WARNING -  * Running on all addresses.
   WARNING: This is a development server. Do not use it in a production deployment.
2021-09-02 11:14:14,421 - MainThread - werkzeug - [_internal._log:225] ] - INFO -  * Running on http://192.168.29.119:4500/ (Press CTRL+C to quit)
2021-09-02 11:14:14,425 - MainThread - werkzeug - [_internal._log:225] ] - INFO -  * Restarting with stat
2021-09-02 11:14:15,441 - MainThread - DB-Handler - [db_handler.register_models:25] ] - INFO - Initializing MySQL handler ... 
2021-09-02 11:14:15,632 - MainThread - Spenny-App - [run.<module>:24] ] - INFO - Initializing app ...
2021-09-02 11:14:16,322 - MainThread - werkzeug - [_internal._log:225] ] - WARNING -  * Debugger is active!
2021-09-02 11:14:16,323 - MainThread - werkzeug - [_internal._log:225] ] - INFO -  * Debugger PIN: 925-820-349
2021-09-02 11:14:16,498 - Thread-2 - werkzeug - [_internal._log:225] ] - INFO - 127.0.0.1 - - [02/Sep/2021 11:14:16] "GET /swagger/ HTTP/1.1" 200 -
2021-09-02 11:14:56,009 - Thread-3 - werkzeug - [_internal._log:225] ] - INFO - 127.0.0.1 - - [02/Sep/2021 11:14:56] "[32mGET /swagger HTTP/1.1[0m" 308 -
2021-09-02 11:14:56,014 - Thread-4 - werkzeug - [_internal._log:225] ] - INFO - 127.0.0.1 - - [02/Sep/2021 11:14:56] "GET /swagger/ HTTP/1.1" 200 -
2021-09-02 11:14:56,069 - Thread-5 - werkzeug - [_internal._log:225] ] - INFO - 127.0.0.1 - - [02/Sep/2021 11:14:56] "GET /swagger/swagger-ui.css HTTP/1.1" 200 -
2021-09-02 11:14:56,134 - Thread-7 - werkzeug - [_internal._log:225] ] - INFO - 127.0.0.1 - - [02/Sep/2021 11:14:56] "GET /swagger/swagger-ui-standalone-preset.js HTTP/1.1" 200 -
2021-09-02 11:14:56,135 - Thread-6 - werkzeug - [_internal._log:225] ] - INFO - 127.0.0.1 - - [02/Sep/2021 11:14:56] "GET /swagger/swagger-ui-bundle.js HTTP/1.1" 200 -
2021-09-02 11:14:56,412 - Thread-8 - werkzeug - [_internal._log:225] ] - INFO - 127.0.0.1 - - [02/Sep/2021 11:14:56] "GET /static/swagger.yaml HTTP/1.1" 200 -
2021-09-02 11:14:56,439 - Thread-9 - werkzeug - [_internal._log:225] ] - INFO - 127.0.0.1 - - [02/Sep/2021 11:14:56] "GET /swagger/favicon-32x32.png HTTP/1.1" 200 -
2021-09-02 11:15:27,011 - Thread-10 - root - [follower_management_data.follwer_add:44] ] - DEBUG - Invalid form fields. Please check again the data you have entered.
2021-09-02 11:15:27,047 - Thread-10 - werkzeug - [_internal._log:225] ] - INFO - 127.0.0.1 - - [02/Sep/2021 11:15:27] "[35m[1mPOST /api/v1/followers HTTP/1.1[0m" 500 -
2021-09-02 11:15:50,362 - MainThread - werkzeug - [_internal._log:225] ] - INFO -  * Detected change in '/home/dhruva.d@ah.zymrinc.com/Downloads/flask-demo-app-spenny/spenny_app/common/forms/follower_management_forms.py', reloading
2021-09-02 11:15:50,492 - MainThread - werkzeug - [_internal._log:225] ] - INFO -  * Restarting with stat
2021-09-02 11:15:54,079 - MainThread - DB-Handler - [db_handler.register_models:25] ] - INFO - Initializing MySQL handler ... 
2021-09-02 11:15:54,906 - MainThread - Spenny-App - [run.<module>:24] ] - INFO - Initializing app ...
2021-09-02 11:15:56,324 - MainThread - werkzeug - [_internal._log:225] ] - WARNING -  * Debugger is active!
2021-09-02 11:15:56,328 - MainThread - werkzeug - [_internal._log:225] ] - INFO -  * Debugger PIN: 925-820-349
2021-09-02 11:15:56,424 - Thread-2 - werkzeug - [_internal._log:225] ] - INFO - 127.0.0.1 - - [02/Sep/2021 11:15:56] "[35m[1mPOST /api/v1/followers HTTP/1.1[0m" 500 -
2021-09-02 11:16:45,972 - MainThread - werkzeug - [_internal._log:225] ] - INFO -  * Detected change in '/home/dhruva.d@ah.zymrinc.com/Downloads/flask-demo-app-spenny/spenny_app/services/follower_management_service/follower_management_data.py', reloading
2021-09-02 11:16:46,086 - MainThread - werkzeug - [_internal._log:225] ] - INFO -  * Restarting with stat
2021-09-02 11:16:50,609 - MainThread - DB-Handler - [db_handler.register_models:25] ] - INFO - Initializing MySQL handler ... 
2021-09-02 11:16:51,465 - MainThread - Spenny-App - [run.<module>:24] ] - INFO - Initializing app ...
2021-09-02 11:16:54,206 - MainThread - werkzeug - [_internal._log:225] ] - WARNING -  * Debugger is active!
2021-09-02 11:16:54,208 - MainThread - werkzeug - [_internal._log:225] ] - INFO -  * Debugger PIN: 925-820-349
2021-09-02 11:16:54,502 - Thread-2 - werkzeug - [_internal._log:225] ] - INFO - 127.0.0.1 - - [02/Sep/2021 11:16:54] "[35m[1mPOST /api/v1/followers HTTP/1.1[0m" 500 -
2021-09-02 11:17:14,843 - Thread-3 - werkzeug - [_internal._log:225] ] - INFO - 127.0.0.1 - - [02/Sep/2021 11:17:14] "POST /api/v1/users/login HTTP/1.1" 200 -
2021-09-02 11:17:20,468 - Thread-4 - werkzeug - [_internal._log:225] ] - INFO - 127.0.0.1 - - [02/Sep/2021 11:17:20] "POST /api/v1/followers HTTP/1.1" 200 -
2021-09-02 11:17:31,696 - Thread-5 - werkzeug - [_internal._log:225] ] - INFO - 127.0.0.1 - - [02/Sep/2021 11:17:31] "GET /api/v1/tweets/followers HTTP/1.1" 200 -
2021-09-02 19:58:53,774 - MainThread - DB-Handler - [db_handler.register_models:25] ] - INFO - Initializing MySQL handler ... 
2021-09-02 19:59:00,958 - MainThread - Spenny-App - [run.<module>:24] ] - INFO - Initializing app ...
2021-09-02 19:59:06,135 - MainThread - werkzeug - [_internal._log:225] ] - WARNING -  * Running on all addresses.
   WARNING: This is a development server. Do not use it in a production deployment.
2021-09-02 19:59:06,135 - MainThread - werkzeug - [_internal._log:225] ] - INFO -  * Running on http://192.168.29.119:4500/ (Press CTRL+C to quit)
2021-09-02 19:59:06,139 - MainThread - werkzeug - [_internal._log:225] ] - INFO -  * Restarting with stat
2021-09-02 19:59:07,468 - MainThread - DB-Handler - [db_handler.register_models:25] ] - INFO - Initializing MySQL handler ... 
2021-09-02 19:59:08,178 - MainThread - Spenny-App - [run.<module>:24] ] - INFO - Initializing app ...
2021-09-02 19:59:08,799 - MainThread - werkzeug - [_internal._log:225] ] - WARNING -  * Debugger is active!
2021-09-02 19:59:08,799 - MainThread - werkzeug - [_internal._log:225] ] - INFO -  * Debugger PIN: 925-820-349
2021-09-02 19:59:27,352 - Thread-2 - werkzeug - [_internal._log:225] ] - INFO - 127.0.0.1 - - [02/Sep/2021 19:59:27] "[35m[1mGET /api/v1/tweets HTTP/1.1[0m" 500 -
2021-09-02 20:01:51,518 - MainThread - werkzeug - [_internal._log:225] ] - INFO -  * Detected change in '/home/dhruva.d@ah.zymrinc.com/Downloads/flask-demo-app-spenny/spenny_app/utils/session_management.py', reloading
2021-09-02 20:01:51,631 - MainThread - werkzeug - [_internal._log:225] ] - INFO -  * Restarting with stat
2021-09-02 20:01:54,231 - MainThread - DB-Handler - [db_handler.register_models:25] ] - INFO - Initializing MySQL handler ... 
2021-09-02 20:01:55,124 - MainThread - Spenny-App - [run.<module>:24] ] - INFO - Initializing app ...
2021-09-02 20:01:55,995 - MainThread - werkzeug - [_internal._log:225] ] - WARNING -  * Debugger is active!
2021-09-02 20:01:55,996 - MainThread - werkzeug - [_internal._log:225] ] - INFO -  * Debugger PIN: 925-820-349
2021-09-02 20:03:18,910 - MainThread - werkzeug - [_internal._log:225] ] - INFO -  * Detected change in '/home/dhruva.d@ah.zymrinc.com/Downloads/flask-demo-app-spenny/spenny_app/utils/session_management.py', reloading
2021-09-02 20:03:19,018 - MainThread - werkzeug - [_internal._log:225] ] - INFO -  * Restarting with stat
2021-09-02 20:03:22,133 - MainThread - DB-Handler - [db_handler.register_models:25] ] - INFO - Initializing MySQL handler ... 
2021-09-02 20:03:22,824 - MainThread - Spenny-App - [run.<module>:24] ] - INFO - Initializing app ...
2021-09-02 20:03:23,726 - MainThread - werkzeug - [_internal._log:225] ] - WARNING -  * Debugger is active!
2021-09-02 20:03:23,728 - MainThread - werkzeug - [_internal._log:225] ] - INFO -  * Debugger PIN: 925-820-349
2021-09-02 20:03:29,812 - MainThread - werkzeug - [_internal._log:225] ] - INFO -  * Detected change in '/home/dhruva.d@ah.zymrinc.com/Downloads/flask-demo-app-spenny/spenny_app/routes/tweets.py', reloading
2021-09-02 20:03:29,920 - MainThread - werkzeug - [_internal._log:225] ] - INFO -  * Restarting with stat
2021-09-02 20:03:30,419 - MainThread - DB-Handler - [db_handler.register_models:25] ] - INFO - Initializing MySQL handler ... 
2021-09-02 20:03:30,562 - MainThread - Spenny-App - [run.<module>:24] ] - INFO - Initializing app ...
2021-09-02 20:03:31,115 - MainThread - werkzeug - [_internal._log:225] ] - WARNING -  * Debugger is active!
2021-09-02 20:03:31,116 - MainThread - werkzeug - [_internal._log:225] ] - INFO -  * Debugger PIN: 925-820-349
2021-09-02 20:03:37,171 - Thread-2 - werkzeug - [_internal._log:225] ] - INFO - 127.0.0.1 - - [02/Sep/2021 20:03:37] "[35m[1mGET /api/v1/tweets HTTP/1.1[0m" 500 -
2021-09-02 20:05:11,258 - MainThread - werkzeug - [_internal._log:225] ] - INFO -  * Detected change in '/home/dhruva.d@ah.zymrinc.com/Downloads/flask-demo-app-spenny/spenny_app/utils/session_management.py', reloading
2021-09-02 20:05:11,358 - MainThread - werkzeug - [_internal._log:225] ] - INFO -  * Restarting with stat
2021-09-02 20:05:13,742 - MainThread - DB-Handler - [db_handler.register_models:25] ] - INFO - Initializing MySQL handler ... 
2021-09-02 20:05:32,177 - MainThread - DB-Handler - [db_handler.register_models:25] ] - INFO - Initializing MySQL handler ... 
2021-09-02 20:05:41,356 - MainThread - DB-Handler - [db_handler.register_models:25] ] - INFO - Initializing MySQL handler ... 
2021-09-02 20:06:20,810 - MainThread - DB-Handler - [db_handler.register_models:25] ] - INFO - Initializing MySQL handler ... 
2021-09-02 20:06:21,427 - MainThread - Spenny-App - [run.<module>:24] ] - INFO - Initializing app ...
2021-09-02 20:06:22,157 - MainThread - werkzeug - [_internal._log:225] ] - WARNING -  * Running on all addresses.
   WARNING: This is a development server. Do not use it in a production deployment.
2021-09-02 20:06:22,157 - MainThread - werkzeug - [_internal._log:225] ] - INFO -  * Running on http://192.168.29.119:4500/ (Press CTRL+C to quit)
2021-09-02 20:06:22,163 - MainThread - werkzeug - [_internal._log:225] ] - INFO -  * Restarting with stat
2021-09-02 20:06:22,663 - MainThread - DB-Handler - [db_handler.register_models:25] ] - INFO - Initializing MySQL handler ... 
2021-09-02 20:06:22,826 - MainThread - Spenny-App - [run.<module>:24] ] - INFO - Initializing app ...
2021-09-02 20:06:23,315 - MainThread - werkzeug - [_internal._log:225] ] - WARNING -  * Debugger is active!
2021-09-02 20:06:23,315 - MainThread - werkzeug - [_internal._log:225] ] - INFO -  * Debugger PIN: 925-820-349
2021-09-02 20:06:25,917 - Thread-2 - werkzeug - [_internal._log:225] ] - INFO - 127.0.0.1 - - [02/Sep/2021 20:06:25] "[31m[1mGET /api/v1/tweets HTTP/1.1[0m" 403 -
2021-09-02 20:06:58,680 - Thread-3 - werkzeug - [_internal._log:225] ] - INFO - 127.0.0.1 - - [02/Sep/2021 20:06:58] "POST /api/v1/users/login HTTP/1.1" 200 -
2021-09-02 20:07:02,350 - Thread-4 - werkzeug - [_internal._log:225] ] - INFO - 127.0.0.1 - - [02/Sep/2021 20:07:02] "GET /api/v1/tweets HTTP/1.1" 200 -
2021-09-02 20:08:11,797 - Thread-5 - werkzeug - [_internal._log:225] ] - INFO - 127.0.0.1 - - [02/Sep/2021 20:08:11] "GET /api/v1/tweets?page_no=1&page_size=2 HTTP/1.1" 200 -
2021-09-02 20:08:26,918 - Thread-6 - werkzeug - [_internal._log:225] ] - INFO - 127.0.0.1 - - [02/Sep/2021 20:08:26] "GET /api/v1/tweets?page_no=3&page_size=2 HTTP/1.1" 200 -
2021-09-02 20:10:28,200 - MainThread - werkzeug - [_internal._log:225] ] - INFO -  * Detected change in '/home/dhruva.d@ah.zymrinc.com/Downloads/flask-demo-app-spenny/spenny_app/repository/tweet_repository.py', reloading
2021-09-02 20:10:28,325 - MainThread - werkzeug - [_internal._log:225] ] - INFO -  * Restarting with stat
2021-09-02 20:10:31,040 - MainThread - DB-Handler - [db_handler.register_models:25] ] - INFO - Initializing MySQL handler ... 
2021-09-02 20:10:31,745 - MainThread - Spenny-App - [run.<module>:24] ] - INFO - Initializing app ...
2021-09-02 20:10:32,661 - MainThread - werkzeug - [_internal._log:225] ] - WARNING -  * Debugger is active!
2021-09-02 20:10:32,662 - MainThread - werkzeug - [_internal._log:225] ] - INFO -  * Debugger PIN: 925-820-349
2021-09-02 20:10:33,700 - MainThread - werkzeug - [_internal._log:225] ] - INFO -  * Detected change in '/home/dhruva.d@ah.zymrinc.com/Downloads/flask-demo-app-spenny/spenny_app/repository/tweet_repository.py', reloading
2021-09-02 20:10:33,843 - MainThread - werkzeug - [_internal._log:225] ] - INFO -  * Restarting with stat
2021-09-02 20:10:34,548 - MainThread - DB-Handler - [db_handler.register_models:25] ] - INFO - Initializing MySQL handler ... 
2021-09-02 20:10:35,050 - MainThread - Spenny-App - [run.<module>:24] ] - INFO - Initializing app ...
2021-09-02 20:10:35,643 - MainThread - werkzeug - [_internal._log:225] ] - WARNING -  * Debugger is active!
2021-09-02 20:10:35,644 - MainThread - werkzeug - [_internal._log:225] ] - INFO -  * Debugger PIN: 925-820-349
2021-09-02 20:10:54,862 - Thread-2 - werkzeug - [_internal._log:225] ] - INFO - 127.0.0.1 - - [02/Sep/2021 20:10:54] "[35m[1mGET /api/v1/tweets/followers?page_no=1&page_size=2 HTTP/1.1[0m" 500 -
2021-09-02 20:11:12,029 - MainThread - werkzeug - [_internal._log:225] ] - INFO -  * Detected change in '/home/dhruva.d@ah.zymrinc.com/Downloads/flask-demo-app-spenny/spenny_app/services/tweet_management_service/tweet_management_data.py', reloading
2021-09-02 20:11:12,141 - MainThread - werkzeug - [_internal._log:225] ] - INFO -  * Restarting with stat
2021-09-02 20:11:12,743 - MainThread - DB-Handler - [db_handler.register_models:25] ] - INFO - Initializing MySQL handler ... 
2021-09-02 20:11:12,940 - MainThread - Spenny-App - [run.<module>:24] ] - INFO - Initializing app ...
2021-09-02 20:11:13,682 - MainThread - werkzeug - [_internal._log:225] ] - WARNING -  * Debugger is active!
2021-09-02 20:11:13,682 - MainThread - werkzeug - [_internal._log:225] ] - INFO -  * Debugger PIN: 925-820-349
2021-09-02 20:11:25,860 - MainThread - werkzeug - [_internal._log:225] ] - INFO -  * Detected change in '/home/dhruva.d@ah.zymrinc.com/Downloads/flask-demo-app-spenny/spenny_app/routes/tweets.py', reloading
2021-09-02 20:11:25,971 - MainThread - werkzeug - [_internal._log:225] ] - INFO -  * Restarting with stat
2021-09-02 20:11:29,032 - MainThread - DB-Handler - [db_handler.register_models:25] ] - INFO - Initializing MySQL handler ... 
2021-09-02 20:11:30,214 - MainThread - Spenny-App - [run.<module>:24] ] - INFO - Initializing app ...
2021-09-02 20:11:32,459 - MainThread - werkzeug - [_internal._log:225] ] - WARNING -  * Debugger is active!
2021-09-02 20:11:32,460 - MainThread - werkzeug - [_internal._log:225] ] - INFO -  * Debugger PIN: 925-820-349
2021-09-02 20:11:32,517 - Thread-2 - werkzeug - [_internal._log:225] ] - INFO - 127.0.0.1 - - [02/Sep/2021 20:11:32] "GET /api/v1/tweets/followers?page_no=1&page_size=2 HTTP/1.1" 200 -
2021-09-02 20:12:24,028 - MainThread - werkzeug - [_internal._log:225] ] - INFO -  * Detected change in '/home/dhruva.d@ah.zymrinc.com/Downloads/flask-demo-app-spenny/spenny_app/utils/session_management.py', reloading
2021-09-02 20:12:24,137 - MainThread - werkzeug - [_internal._log:225] ] - INFO -  * Restarting with stat
2021-09-02 20:12:25,270 - MainThread - DB-Handler - [db_handler.register_models:25] ] - INFO - Initializing MySQL handler ... 
2021-09-02 20:12:25,442 - MainThread - Spenny-App - [run.<module>:24] ] - INFO - Initializing app ...
2021-09-02 20:12:26,073 - MainThread - werkzeug - [_internal._log:225] ] - WARNING -  * Debugger is active!
2021-09-02 20:12:26,074 - MainThread - werkzeug - [_internal._log:225] ] - INFO -  * Debugger PIN: 925-820-349
2021-09-02 20:12:37,242 - MainThread - werkzeug - [_internal._log:225] ] - INFO -  * Detected change in '/home/dhruva.d@ah.zymrinc.com/Downloads/flask-demo-app-spenny/spenny_app/routes/tweets.py', reloading
2021-09-02 20:12:37,351 - MainThread - werkzeug - [_internal._log:225] ] - INFO -  * Restarting with stat
2021-09-02 20:12:39,847 - MainThread - DB-Handler - [db_handler.register_models:25] ] - INFO - Initializing MySQL handler ... 
2021-09-02 20:12:40,743 - MainThread - Spenny-App - [run.<module>:24] ] - INFO - Initializing app ...
2021-09-02 20:12:42,114 - MainThread - werkzeug - [_internal._log:225] ] - WARNING -  * Debugger is active!
2021-09-02 20:12:42,115 - MainThread - werkzeug - [_internal._log:225] ] - INFO -  * Debugger PIN: 925-820-349
2021-09-02 20:12:58,315 - MainThread - werkzeug - [_internal._log:225] ] - INFO -  * Detected change in '/home/dhruva.d@ah.zymrinc.com/Downloads/flask-demo-app-spenny/spenny_app/routes/followers.py', reloading
2021-09-02 20:12:58,445 - MainThread - werkzeug - [_internal._log:225] ] - INFO -  * Restarting with stat
2021-09-02 20:12:59,085 - MainThread - DB-Handler - [db_handler.register_models:25] ] - INFO - Initializing MySQL handler ... 
2021-09-02 20:12:59,250 - MainThread - Spenny-App - [run.<module>:24] ] - INFO - Initializing app ...
2021-09-02 20:12:59,931 - MainThread - werkzeug - [_internal._log:225] ] - WARNING -  * Debugger is active!
2021-09-02 20:12:59,932 - MainThread - werkzeug - [_internal._log:225] ] - INFO -  * Debugger PIN: 925-820-349
2021-09-03 20:01:33,248 - MainThread - DB-Handler - [db_handler.register_models:25] ] - INFO - Initializing MySQL handler ... 
2021-09-03 20:01:34,723 - MainThread - Spenny-App - [run.<module>:24] ] - INFO - Initializing app ...
2021-09-03 20:01:35,725 - MainThread - werkzeug - [_internal._log:225] ] - WARNING -  * Running on all addresses.
   WARNING: This is a development server. Do not use it in a production deployment.
2021-09-03 20:01:35,725 - MainThread - werkzeug - [_internal._log:225] ] - INFO -  * Running on http://192.168.29.119:4500/ (Press CTRL+C to quit)
2021-09-03 20:01:44,362 - Thread-1 - spenny_app.routes.users - [users.signup:22] ] - INFO - Incoming request for user signup.
2021-09-03 20:01:44,452 - Thread-1 - werkzeug - [_internal._log:225] ] - INFO - 127.0.0.1 - - [03/Sep/2021 20:01:44] "POST /api/v1/users/signup HTTP/1.1" 200 -
2021-09-03 20:01:54,315 - Thread-2 - werkzeug - [_internal._log:225] ] - INFO - 127.0.0.1 - - [03/Sep/2021 20:01:54] "[31m[1mPOST /api/v1/followers HTTP/1.1[0m" 403 -
2021-09-03 20:02:06,894 - Thread-3 - spenny_app.routes.users - [users.login:33] ] - INFO - Incoming request for user login.
2021-09-03 20:02:06,903 - Thread-3 - werkzeug - [_internal._log:225] ] - INFO - 127.0.0.1 - - [03/Sep/2021 20:02:06] "POST /api/v1/users/login HTTP/1.1" 200 -
2021-09-03 20:02:10,751 - Thread-4 - spenny_app.routes.followers - [followers.add_follower:22] ] - INFO - Incoming request for add follower.
2021-09-03 20:02:10,778 - Thread-4 - werkzeug - [_internal._log:225] ] - INFO - 127.0.0.1 - - [03/Sep/2021 20:02:10] "POST /api/v1/followers HTTP/1.1" 200 -
2021-09-03 20:02:23,154 - Thread-5 - spenny_app.routes.tweets - [tweets.get_followers_tweets:47] ] - INFO - Incoming request for get follower's tweets.
2021-09-03 20:02:23,182 - Thread-5 - werkzeug - [_internal._log:225] ] - INFO - 127.0.0.1 - - [03/Sep/2021 20:02:23] "GET /api/v1/tweets/followers?page_no=1&page_size=2 HTTP/1.1" 200 -
2021-09-03 20:02:28,329 - Thread-6 - spenny_app.routes.tweets - [tweets.get_tweets:36] ] - INFO - Incoming request for get personal tweets.
2021-09-03 20:02:28,338 - Thread-6 - werkzeug - [_internal._log:225] ] - INFO - 127.0.0.1 - - [03/Sep/2021 20:02:28] "GET /api/v1/tweets?page_no=1&page_size=2 HTTP/1.1" 200 -
